2015-02-04 10:58:30.419 unimib-chat-mobile[1835:71351] Apache Cordova native platform version 3.7.0 is starting.
2015-02-04 10:58:30.420 unimib-chat-mobile[1835:71351] Multi-tasking -> Device: YES, App: YES
2015-02-04 10:58:30.436 unimib-chat-mobile[1835:71351] Unlimited access to network resources
2015-02-04 10:58:31.468 unimib-chat-mobile[1835:71351] [CDVTimer][keyboard] 0.061035ms
2015-02-04 10:58:31.468 unimib-chat-mobile[1835:71351] [CDVTimer][TotalPluginStartup] 0.238955ms
2015-02-04 10:58:33.200 unimib-chat-mobile[1835:71351] Resetting plugins due to page load.
2015-02-04 10:58:33.996 unimib-chat-mobile[1835:71351] Finished load of: file:///Users/7iacura/Library/Developer/CoreSimulator/Devices/147DC9E5-D7E0-4AE9-A893-D44988FEBD03/data/Containers/Bundle/Application/BCE347FA-FAF6-4469-9055-981AB7BEA03C/unimib-chat-mobile.app/www/index.html#/app/storico
2015-02-04 11:13:07.455 unimib-chat-mobile[2127:84534] Apache Cordova native platform version 3.7.0 is starting.
2015-02-04 11:13:07.456 unimib-chat-mobile[2127:84534] Multi-tasking -> Device: YES, App: YES
2015-02-04 11:13:07.457 unimib-chat-mobile[2127:84534] Unlimited access to network resources
2015-02-04 11:13:07.756 unimib-chat-mobile[2127:84534] [CDVTimer][keyboard] 0.060022ms
2015-02-04 11:13:07.756 unimib-chat-mobile[2127:84534] [CDVTimer][TotalPluginStartup] 0.218034ms
2015-02-04 11:13:07.807 unimib-chat-mobile[2127:84534] Resetting plugins due to page load.
2015-02-04 11:13:07.956 unimib-chat-mobile[2127:84534] Finished load of: file:///Users/7iacura/Library/Developer/CoreSimulator/Devices/147DC9E5-D7E0-4AE9-A893-D44988FEBD03/data/Containers/Bundle/Application/464F5140-AA49-440A-931C-2760B1858B41/unimib-chat-mobile.app/www/index.html#/app/storico
2015-02-04 11:54:52.512 unimib-chat-mobile[2776:130143] Apache Cordova native platform version 3.7.0 is starting.
2015-02-04 11:54:52.517 unimib-chat-mobile[2776:130143] Multi-tasking -> Device: YES, App: YES
2015-02-04 11:54:52.518 unimib-chat-mobile[2776:130143] Unlimited access to network resources
2015-02-04 11:54:52.676 unimib-chat-mobile[2776:130143] [CDVTimer][keyboard] 0.055015ms
2015-02-04 11:54:52.676 unimib-chat-mobile[2776:130143] [CDVTimer][TotalPluginStartup] 0.212014ms
2015-02-04 11:54:53.030 unimib-chat-mobile[2776:130143] Resetting plugins due to page load.
2015-02-04 11:54:53.954 unimib-chat-mobile[2776:130143] Finished load of: file:///Users/7iacura/Library/Developer/CoreSimulator/Devices/147DC9E5-D7E0-4AE9-A893-D44988FEBD03/data/Containers/Bundle/Application/1D2C9046-BEA4-476D-BC2D-853E2B9BBDC7/unimib-chat-mobile.app/www/index.html#/app/storico
2015-02-04 11:57:05.964 unimib-chat-mobile[2953:132658] Apache Cordova native platform version 3.7.0 is starting.
2015-02-04 11:57:05.965 unimib-chat-mobile[2953:132658] Multi-tasking -> Device: YES, App: YES
2015-02-04 11:57:05.966 unimib-chat-mobile[2953:132658] Unlimited access to network resources
2015-02-04 11:57:06.104 unimib-chat-mobile[2953:132658] [CDVTimer][keyboard] 0.064015ms
2015-02-04 11:57:06.104 unimib-chat-mobile[2953:132658] [CDVTimer][TotalPluginStartup] 0.239968ms
2015-02-04 11:57:06.152 unimib-chat-mobile[2953:132658] Resetting plugins due to page load.
2015-02-04 11:57:06.609 unimib-chat-mobile[2953:132658] Finished load of: file:///Users/7iacura/Library/Developer/CoreSimulator/Devices/147DC9E5-D7E0-4AE9-A893-D44988FEBD03/data/Containers/Bundle/Application/A6716632-1076-486C-B689-4E716A7B5C4B/unimib-chat-mobile.app/www/index.html#/app/storico
2015-02-04 11:58:09.362 unimib-chat-mobile[3117:134190] Apache Cordova native platform version 3.7.0 is starting.
2015-02-04 11:58:09.363 unimib-chat-mobile[3117:134190] Multi-tasking -> Device: YES, App: YES
2015-02-04 11:58:09.364 unimib-chat-mobile[3117:134190] Unlimited access to network resources
2015-02-04 11:58:09.508 unimib-chat-mobile[3117:134190] [CDVTimer][keyboard] 0.066996ms
2015-02-04 11:58:09.508 unimib-chat-mobile[3117:134190] [CDVTimer][TotalPluginStartup] 0.235975ms
2015-02-04 11:58:09.555 unimib-chat-mobile[3117:134190] Resetting plugins due to page load.
2015-02-04 11:58:09.956 unimib-chat-mobile[3117:134190] Finished load of: file:///Users/7iacura/Library/Developer/CoreSimulator/Devices/147DC9E5-D7E0-4AE9-A893-D44988FEBD03/data/Containers/Bundle/Application/98971E79-75F3-4D9A-91D7-0B8BB8D959A1/unimib-chat-mobile.app/www/index.html#/app/storico
2015-02-04 12:02:18.868 unimib-chat-mobile[3304:138069] Apache Cordova native platform version 3.7.0 is starting.
2015-02-04 12:02:18.869 unimib-chat-mobile[3304:138069] Multi-tasking -> Device: YES, App: YES
2015-02-04 12:02:18.870 unimib-chat-mobile[3304:138069] Unlimited access to network resources
2015-02-04 12:02:19.007 unimib-chat-mobile[3304:138069] [CDVTimer][keyboard] 0.068009ms
2015-02-04 12:02:19.007 unimib-chat-mobile[3304:138069] [CDVTimer][TotalPluginStartup] 0.227034ms
2015-02-04 12:02:19.056 unimib-chat-mobile[3304:138069] Resetting plugins due to page load.
2015-02-04 12:02:19.276 unimib-chat-mobile[3304:138069] Finished load of: file:///Users/7iacura/Library/Developer/CoreSimulator/Devices/147DC9E5-D7E0-4AE9-A893-D44988FEBD03/data/Containers/Bundle/Application/8D539BB3-687E-4919-87A9-7657A458C37E/unimib-chat-mobile.app/www/index.html#/app/storico
2015-02-04 12:03:18.698 unimib-chat-mobile[3462:139321] Apache Cordova native platform version 3.7.0 is starting.
2015-02-04 12:03:18.699 unimib-chat-mobile[3462:139321] Multi-tasking -> Device: YES, App: YES
2015-02-04 12:03:18.700 unimib-chat-mobile[3462:139321] Unlimited access to network resources
2015-02-04 12:03:18.838 unimib-chat-mobile[3462:139321] [CDVTimer][keyboard] 0.069022ms
2015-02-04 12:03:18.838 unimib-chat-mobile[3462:139321] [CDVTimer][TotalPluginStartup] 0.247002ms
2015-02-04 12:03:18.888 unimib-chat-mobile[3462:139321] Resetting plugins due to page load.
2015-02-04 12:03:19.099 unimib-chat-mobile[3462:139321] Finished load of: file:///Users/7iacura/Library/Developer/CoreSimulator/Devices/147DC9E5-D7E0-4AE9-A893-D44988FEBD03/data/Containers/Bundle/Application/D7DE11C0-1017-4A82-8E81-3A27777C87D9/unimib-chat-mobile.app/www/index.html#/app/storico
2015-02-04 12:04:36.243 unimib-chat-mobile[3626:140734] Apache Cordova native platform version 3.7.0 is starting.
2015-02-04 12:04:36.244 unimib-chat-mobile[3626:140734] Multi-tasking -> Device: YES, App: YES
2015-02-04 12:04:36.246 unimib-chat-mobile[3626:140734] Unlimited access to network resources
2015-02-04 12:04:36.381 unimib-chat-mobile[3626:140734] [CDVTimer][keyboard] 0.057995ms
2015-02-04 12:04:36.382 unimib-chat-mobile[3626:140734] [CDVTimer][TotalPluginStartup] 0.225008ms
2015-02-04 12:04:36.431 unimib-chat-mobile[3626:140734] Resetting plugins due to page load.
2015-02-04 12:04:36.589 unimib-chat-mobile[3626:140734] Finished load of: file:///Users/7iacura/Library/Developer/CoreSimulator/Devices/147DC9E5-D7E0-4AE9-A893-D44988FEBD03/data/Containers/Bundle/Application/3BAB6B3D-3D0B-422D-8C62-3761021D4D55/unimib-chat-mobile.app/www/index.html#/app/storico
2015-02-04 12:05:11.725 unimib-chat-mobile[3783:141704] Apache Cordova native platform version 3.7.0 is starting.
2015-02-04 12:05:11.726 unimib-chat-mobile[3783:141704] Multi-tasking -> Device: YES, App: YES
2015-02-04 12:05:11.727 unimib-chat-mobile[3783:141704] Unlimited access to network resources
2015-02-04 12:05:11.869 unimib-chat-mobile[3783:141704] [CDVTimer][keyboard] 0.061989ms
2015-02-04 12:05:11.869 unimib-chat-mobile[3783:141704] [CDVTimer][TotalPluginStartup] 0.226021ms
2015-02-04 12:05:11.915 unimib-chat-mobile[3783:141704] Resetting plugins due to page load.
2015-02-04 12:05:12.128 unimib-chat-mobile[3783:141704] Finished load of: file:///Users/7iacura/Library/Developer/CoreSimulator/Devices/147DC9E5-D7E0-4AE9-A893-D44988FEBD03/data/Containers/Bundle/Application/1BA47796-DDAF-4057-976D-29189DEB325B/unimib-chat-mobile.app/www/index.html#/app/storico
2015-02-04 12:21:35.993 unimib-chat-mobile[4095:155367] Apache Cordova native platform version 3.7.0 is starting.
2015-02-04 12:21:35.994 unimib-chat-mobile[4095:155367] Multi-tasking -> Device: YES, App: YES
2015-02-04 12:21:35.995 unimib-chat-mobile[4095:155367] Unlimited access to network resources
2015-02-04 12:21:36.326 unimib-chat-mobile[4095:155367] [CDVTimer][keyboard] 0.058949ms
2015-02-04 12:21:36.326 unimib-chat-mobile[4095:155367] [CDVTimer][TotalPluginStartup] 0.243008ms
2015-02-04 12:21:36.540 unimib-chat-mobile[4095:155367] Resetting plugins due to page load.
2015-02-04 12:21:36.744 unimib-chat-mobile[4095:155367] Finished load of: file:///Users/7iacura/Library/Developer/CoreSimulator/Devices/147DC9E5-D7E0-4AE9-A893-D44988FEBD03/data/Containers/Bundle/Application/F121760D-6BE2-4648-9B25-34FC8C16C1AB/unimib-chat-mobile.app/www/index.html#/app/storico
2015-02-04 12:21:53.954 unimib-chat-mobile[4368:156269] Apache Cordova native platform version 3.7.0 is starting.
2015-02-04 12:21:53.955 unimib-chat-mobile[4368:156269] Multi-tasking -> Device: YES, App: YES
2015-02-04 12:21:53.956 unimib-chat-mobile[4368:156269] Unlimited access to network resources
2015-02-04 12:21:54.093 unimib-chat-mobile[4368:156269] [CDVTimer][keyboard] 0.056028ms
2015-02-04 12:21:54.093 unimib-chat-mobile[4368:156269] [CDVTimer][TotalPluginStartup] 0.230014ms
2015-02-04 12:21:54.140 unimib-chat-mobile[4368:156269] Resetting plugins due to page load.
2015-02-04 12:21:54.293 unimib-chat-mobile[4368:156269] Finished load of: file:///Users/7iacura/Library/Developer/CoreSimulator/Devices/147DC9E5-D7E0-4AE9-A893-D44988FEBD03/data/Containers/Bundle/Application/FF76D54A-6D26-4792-A4B5-9BE8792340AC/unimib-chat-mobile.app/www/index.html#/app/storico
2015-02-04 12:23:51.012 unimib-chat-mobile[4540:158382] Apache Cordova native platform version 3.7.0 is starting.
2015-02-04 12:23:51.014 unimib-chat-mobile[4540:158382] Multi-tasking -> Device: YES, App: YES
2015-02-04 12:23:51.015 unimib-chat-mobile[4540:158382] Unlimited access to network resources
2015-02-04 12:23:51.155 unimib-chat-mobile[4540:158382] [CDVTimer][keyboard] 0.057995ms
2015-02-04 12:23:51.155 unimib-chat-mobile[4540:158382] [CDVTimer][TotalPluginStartup] 0.223994ms
2015-02-04 12:23:51.202 unimib-chat-mobile[4540:158382] Resetting plugins due to page load.
2015-02-04 12:23:51.386 unimib-chat-mobile[4540:158382] Finished load of: file:///Users/7iacura/Library/Developer/CoreSimulator/Devices/147DC9E5-D7E0-4AE9-A893-D44988FEBD03/data/Containers/Bundle/Application/8F9A94E7-A696-4C03-88DE-1061DE0845D5/unimib-chat-mobile.app/www/index.html#/app/storico
2015-02-04 12:24:19.500 unimib-chat-mobile[4693:159207] Apache Cordova native platform version 3.7.0 is starting.
2015-02-04 12:24:19.501 unimib-chat-mobile[4693:159207] Multi-tasking -> Device: YES, App: YES
2015-02-04 12:24:19.503 unimib-chat-mobile[4693:159207] Unlimited access to network resources
2015-02-04 12:24:19.640 unimib-chat-mobile[4693:159207] [CDVTimer][keyboard] 0.059009ms
2015-02-04 12:24:19.640 unimib-chat-mobile[4693:159207] [CDVTimer][TotalPluginStartup] 0.226021ms
2015-02-04 12:24:19.689 unimib-chat-mobile[4693:159207] Resetting plugins due to page load.
2015-02-04 12:24:19.841 unimib-chat-mobile[4693:159207] Finished load of: file:///Users/7iacura/Library/Developer/CoreSimulator/Devices/147DC9E5-D7E0-4AE9-A893-D44988FEBD03/data/Containers/Bundle/Application/E48B071C-3D2A-446F-B641-F1540F2823DA/unimib-chat-mobile.app/www/index.html#/app/storico
2015-02-04 12:24:50.695 unimib-chat-mobile[4966:160319] Apache Cordova native platform version 3.7.0 is starting.
2015-02-04 12:24:50.696 unimib-chat-mobile[4966:160319] Multi-tasking -> Device: YES, App: YES
2015-02-04 12:24:50.698 unimib-chat-mobile[4966:160319] Unlimited access to network resources
2015-02-04 12:24:50.834 unimib-chat-mobile[4966:160319] [CDVTimer][keyboard] 0.068009ms
2015-02-04 12:24:50.834 unimib-chat-mobile[4966:160319] [CDVTimer][TotalPluginStartup] 0.241041ms
2015-02-04 12:24:50.884 unimib-chat-mobile[4966:160319] Resetting plugins due to page load.
2015-02-04 12:24:51.043 unimib-chat-mobile[4966:160319] Finished load of: file:///Users/7iacura/Library/Developer/CoreSimulator/Devices/147DC9E5-D7E0-4AE9-A893-D44988FEBD03/data/Containers/Bundle/Application/640EE1AF-74F2-4A6D-A21E-295BFC7A8B2D/unimib-chat-mobile.app/www/index.html#/app/storico
2015-02-04 12:27:03.375 unimib-chat-mobile[5144:162689] Apache Cordova native platform version 3.7.0 is starting.
2015-02-04 12:27:03.376 unimib-chat-mobile[5144:162689] Multi-tasking -> Device: YES, App: YES
2015-02-04 12:27:03.378 unimib-chat-mobile[5144:162689] Unlimited access to network resources
2015-02-04 12:27:03.683 unimib-chat-mobile[5144:162689] [CDVTimer][keyboard] 0.060976ms
2015-02-04 12:27:03.684 unimib-chat-mobile[5144:162689] [CDVTimer][TotalPluginStartup] 0.235021ms
2015-02-04 12:27:03.747 unimib-chat-mobile[5144:162689] Resetting plugins due to page load.
2015-02-04 12:27:03.975 unimib-chat-mobile[5144:162689] Finished load of: file:///Users/7iacura/Library/Developer/CoreSimulator/Devices/147DC9E5-D7E0-4AE9-A893-D44988FEBD03/data/Containers/Bundle/Application/60C51D52-53C3-4A3E-9E89-B49706C540FA/unimib-chat-mobile.app/www/index.html#/app/storico
2015-02-04 12:27:29.514 unimib-chat-mobile[5299:163574] Apache Cordova native platform version 3.7.0 is starting.
2015-02-04 12:27:29.515 unimib-chat-mobile[5299:163574] Multi-tasking -> Device: YES, App: YES
2015-02-04 12:27:29.517 unimib-chat-mobile[5299:163574] Unlimited access to network resources
2015-02-04 12:27:29.662 unimib-chat-mobile[5299:163574] [CDVTimer][keyboard] 0.066996ms
2015-02-04 12:27:29.662 unimib-chat-mobile[5299:163574] [CDVTimer][TotalPluginStartup] 0.250041ms
2015-02-04 12:27:29.709 unimib-chat-mobile[5299:163574] Resetting plugins due to page load.
2015-02-04 12:27:29.899 unimib-chat-mobile[5299:163574] Finished load of: file:///Users/7iacura/Library/Developer/CoreSimulator/Devices/147DC9E5-D7E0-4AE9-A893-D44988FEBD03/data/Containers/Bundle/Application/547311A7-36B1-4B49-9A77-FD57606D57E2/unimib-chat-mobile.app/www/index.html#/app/storico
2015-02-04 12:29:52.590 unimib-chat-mobile[5472:166102] Apache Cordova native platform version 3.7.0 is starting.
2015-02-04 12:29:52.591 unimib-chat-mobile[5472:166102] Multi-tasking -> Device: YES, App: YES
2015-02-04 12:29:52.592 unimib-chat-mobile[5472:166102] Unlimited access to network resources
2015-02-04 12:29:52.732 unimib-chat-mobile[5472:166102] [CDVTimer][keyboard] 0.060022ms
2015-02-04 12:29:52.732 unimib-chat-mobile[5472:166102] [CDVTimer][TotalPluginStartup] 0.235975ms
2015-02-04 12:29:52.784 unimib-chat-mobile[5472:166102] Resetting plugins due to page load.
2015-02-04 12:29:53.002 unimib-chat-mobile[5472:166102] Finished load of: file:///Users/7iacura/Library/Developer/CoreSimulator/Devices/147DC9E5-D7E0-4AE9-A893-D44988FEBD03/data/Containers/Bundle/Application/1381ABA1-BEC3-4F13-B348-E5628E7E780F/unimib-chat-mobile.app/www/index.html#/app/storico
2015-02-04 12:30:41.950 unimib-chat-mobile[5632:167216] Apache Cordova native platform version 3.7.0 is starting.
2015-02-04 12:30:41.951 unimib-chat-mobile[5632:167216] Multi-tasking -> Device: YES, App: YES
2015-02-04 12:30:41.952 unimib-chat-mobile[5632:167216] Unlimited access to network resources
2015-02-04 12:30:42.095 unimib-chat-mobile[5632:167216] [CDVTimer][keyboard] 0.071049ms
2015-02-04 12:30:42.095 unimib-chat-mobile[5632:167216] [CDVTimer][TotalPluginStartup] 0.261962ms
2015-02-04 12:30:42.143 unimib-chat-mobile[5632:167216] Resetting plugins due to page load.
2015-02-04 12:30:42.526 unimib-chat-mobile[5632:167216] Finished load of: file:///Users/7iacura/Library/Developer/CoreSimulator/Devices/147DC9E5-D7E0-4AE9-A893-D44988FEBD03/data/Containers/Bundle/Application/B1BFDA34-871A-4CD6-BE52-BDE354ECFD29/unimib-chat-mobile.app/www/index.html#/app/storico
2015-02-04 12:32:48.202 unimib-chat-mobile[5802:169498] Apache Cordova native platform version 3.7.0 is starting.
2015-02-04 12:32:48.203 unimib-chat-mobile[5802:169498] Multi-tasking -> Device: YES, App: YES
2015-02-04 12:32:48.204 unimib-chat-mobile[5802:169498] Unlimited access to network resources
2015-02-04 12:32:48.487 unimib-chat-mobile[5802:169498] [CDVTimer][keyboard] 0.059009ms
2015-02-04 12:32:48.487 unimib-chat-mobile[5802:169498] [CDVTimer][TotalPluginStartup] 0.234008ms
2015-02-04 12:32:48.544 unimib-chat-mobile[5802:169498] Resetting plugins due to page load.
2015-02-04 12:32:48.774 unimib-chat-mobile[5802:169498] Finished load of: file:///Users/7iacura/Library/Developer/CoreSimulator/Devices/147DC9E5-D7E0-4AE9-A893-D44988FEBD03/data/Containers/Bundle/Application/A192322E-064A-4EB9-A007-46199EF5463E/unimib-chat-mobile.app/www/index.html#/app/storico
2015-02-04 12:40:38.878 unimib-chat-mobile[6046:177147] Apache Cordova native platform version 3.7.0 is starting.
2015-02-04 12:40:38.879 unimib-chat-mobile[6046:177147] Multi-tasking -> Device: YES, App: YES
2015-02-04 12:40:38.881 unimib-chat-mobile[6046:177147] Unlimited access to network resources
2015-02-04 12:40:39.021 unimib-chat-mobile[6046:177147] [CDVTimer][keyboard] 0.075996ms
2015-02-04 12:40:39.022 unimib-chat-mobile[6046:177147] [CDVTimer][TotalPluginStartup] 0.261962ms
2015-02-04 12:40:39.071 unimib-chat-mobile[6046:177147] Resetting plugins due to page load.
2015-02-04 12:40:39.313 unimib-chat-mobile[6046:177147] Finished load of: file:///Users/7iacura/Library/Developer/CoreSimulator/Devices/147DC9E5-D7E0-4AE9-A893-D44988FEBD03/data/Containers/Bundle/Application/B710A8D8-D38F-478B-BF46-AF282B87897F/unimib-chat-mobile.app/www/index.html#/app/storico
2015-02-04 14:25:27.225 unimib-chat-mobile[6256:183804] Apache Cordova native platform version 3.7.0 is starting.
2015-02-04 14:25:27.226 unimib-chat-mobile[6256:183804] Multi-tasking -> Device: YES, App: YES
2015-02-04 14:25:27.227 unimib-chat-mobile[6256:183804] Unlimited access to network resources
2015-02-04 14:25:27.364 unimib-chat-mobile[6256:183804] [CDVTimer][keyboard] 0.059009ms
2015-02-04 14:25:27.364 unimib-chat-mobile[6256:183804] [CDVTimer][TotalPluginStartup] 0.238001ms
2015-02-04 14:25:27.411 unimib-chat-mobile[6256:183804] Resetting plugins due to page load.
2015-02-04 14:25:27.557 unimib-chat-mobile[6256:183804] Finished load of: file:///Users/7iacura/Library/Developer/CoreSimulator/Devices/147DC9E5-D7E0-4AE9-A893-D44988FEBD03/data/Containers/Bundle/Application/85B0C3A1-FE3F-4F2B-81F3-72BFF87A7DF2/unimib-chat-mobile.app/www/index.html#/app/storico
2015-02-04 14:26:02.210 unimib-chat-mobile[6411:184750] Apache Cordova native platform version 3.7.0 is starting.
2015-02-04 14:26:02.211 unimib-chat-mobile[6411:184750] Multi-tasking -> Device: YES, App: YES
2015-02-04 14:26:02.212 unimib-chat-mobile[6411:184750] Unlimited access to network resources
2015-02-04 14:26:02.389 unimib-chat-mobile[6411:184750] [CDVTimer][keyboard] 0.061989ms
2015-02-04 14:26:02.389 unimib-chat-mobile[6411:184750] [CDVTimer][TotalPluginStartup] 0.226021ms
2015-02-04 14:26:02.451 unimib-chat-mobile[6411:184750] Resetting plugins due to page load.
2015-02-04 14:26:02.625 unimib-chat-mobile[6411:184750] Finished load of: file:///Users/7iacura/Library/Developer/CoreSimulator/Devices/147DC9E5-D7E0-4AE9-A893-D44988FEBD03/data/Containers/Bundle/Application/E8596C69-AF2B-4DC2-92F5-712DEE312022/unimib-chat-mobile.app/www/index.html#/app/storico
2015-02-04 14:26:28.472 unimib-chat-mobile[6569:185603] Apache Cordova native platform version 3.7.0 is starting.
2015-02-04 14:26:28.473 unimib-chat-mobile[6569:185603] Multi-tasking -> Device: YES, App: YES
2015-02-04 14:26:28.474 unimib-chat-mobile[6569:185603] Unlimited access to network resources
2015-02-04 14:26:28.610 unimib-chat-mobile[6569:185603] [CDVTimer][keyboard] 0.057995ms
2015-02-04 14:26:28.611 unimib-chat-mobile[6569:185603] [CDVTimer][TotalPluginStartup] 0.218987ms
2015-02-04 14:26:28.658 unimib-chat-mobile[6569:185603] Resetting plugins due to page load.
2015-02-04 14:26:28.824 unimib-chat-mobile[6569:185603] Finished load of: file:///Users/7iacura/Library/Developer/CoreSimulator/Devices/147DC9E5-D7E0-4AE9-A893-D44988FEBD03/data/Containers/Bundle/Application/09B07688-887A-48E0-9B62-A383B2526E97/unimib-chat-mobile.app/www/index.html#/app/storico
2015-02-04 14:26:58.972 unimib-chat-mobile[6724:186500] Apache Cordova native platform version 3.7.0 is starting.
2015-02-04 14:26:58.973 unimib-chat-mobile[6724:186500] Multi-tasking -> Device: YES, App: YES
2015-02-04 14:26:58.974 unimib-chat-mobile[6724:186500] Unlimited access to network resources
2015-02-04 14:26:59.114 unimib-chat-mobile[6724:186500] [CDVTimer][keyboard] 0.064015ms
2015-02-04 14:26:59.114 unimib-chat-mobile[6724:186500] [CDVTimer][TotalPluginStartup] 0.257969ms
2015-02-04 14:26:59.162 unimib-chat-mobile[6724:186500] Resetting plugins due to page load.
2015-02-04 14:26:59.376 unimib-chat-mobile[6724:186500] Finished load of: file:///Users/7iacura/Library/Developer/CoreSimulator/Devices/147DC9E5-D7E0-4AE9-A893-D44988FEBD03/data/Containers/Bundle/Application/39BC91B1-8B4A-4047-824E-2F2FE70789E4/unimib-chat-mobile.app/www/index.html#/app/storico
2015-02-04 14:32:06.277 unimib-chat-mobile[6960:191563] Apache Cordova native platform version 3.7.0 is starting.
2015-02-04 14:32:06.278 unimib-chat-mobile[6960:191563] Multi-tasking -> Device: YES, App: YES
2015-02-04 14:32:06.279 unimib-chat-mobile[6960:191563] Unlimited access to network resources
2015-02-04 14:32:06.414 unimib-chat-mobile[6960:191563] [CDVTimer][keyboard] 0.061989ms
2015-02-04 14:32:06.414 unimib-chat-mobile[6960:191563] [CDVTimer][TotalPluginStartup] 0.240028ms
2015-02-04 14:32:06.463 unimib-chat-mobile[6960:191563] Resetting plugins due to page load.
2015-02-04 14:32:06.691 unimib-chat-mobile[6960:191563] Finished load of: file:///Users/7iacura/Library/Developer/CoreSimulator/Devices/147DC9E5-D7E0-4AE9-A893-D44988FEBD03/data/Containers/Bundle/Application/E280BBE4-2D17-48BE-B8BE-F89F83BA878E/unimib-chat-mobile.app/www/index.html#/app/storico
2015-02-04 14:38:00.319 unimib-chat-mobile[7175:197186] Apache Cordova native platform version 3.7.0 is starting.
2015-02-04 14:38:00.328 unimib-chat-mobile[7175:197186] Multi-tasking -> Device: YES, App: YES
2015-02-04 14:38:00.329 unimib-chat-mobile[7175:197186] Unlimited access to network resources
2015-02-04 14:38:00.492 unimib-chat-mobile[7175:197186] [CDVTimer][keyboard] 0.057042ms
2015-02-04 14:38:00.492 unimib-chat-mobile[7175:197186] [CDVTimer][TotalPluginStartup] 0.218987ms
2015-02-04 14:38:00.743 unimib-chat-mobile[7175:197186] Resetting plugins due to page load.
2015-02-04 14:38:01.004 unimib-chat-mobile[7175:197186] Finished load of: file:///Users/7iacura/Library/Developer/CoreSimulator/Devices/147DC9E5-D7E0-4AE9-A893-D44988FEBD03/data/Containers/Bundle/Application/361DE0F3-A8A9-435C-A263-9C29511F918E/unimib-chat-mobile.app/www/index.html#/app/storico
2015-02-04 14:39:37.610 unimib-chat-mobile[7342:199143] Apache Cordova native platform version 3.7.0 is starting.
2015-02-04 14:39:37.611 unimib-chat-mobile[7342:199143] Multi-tasking -> Device: YES, App: YES
2015-02-04 14:39:37.613 unimib-chat-mobile[7342:199143] Unlimited access to network resources
2015-02-04 14:39:37.752 unimib-chat-mobile[7342:199143] [CDVTimer][keyboard] 0.059009ms
2015-02-04 14:39:37.753 unimib-chat-mobile[7342:199143] [CDVTimer][TotalPluginStartup] 0.221968ms
2015-02-04 14:39:37.801 unimib-chat-mobile[7342:199143] Resetting plugins due to page load.
2015-02-04 14:39:38.004 unimib-chat-mobile[7342:199143] Finished load of: file:///Users/7iacura/Library/Developer/CoreSimulator/Devices/147DC9E5-D7E0-4AE9-A893-D44988FEBD03/data/Containers/Bundle/Application/D3965D76-94E9-42E3-A53B-AFE8C9003B0A/unimib-chat-mobile.app/www/index.html#/app/storico
2015-02-04 14:45:36.018 unimib-chat-mobile[7552:204731] Apache Cordova native platform version 3.7.0 is starting.
2015-02-04 14:45:36.019 unimib-chat-mobile[7552:204731] Multi-tasking -> Device: YES, App: YES
2015-02-04 14:45:36.020 unimib-chat-mobile[7552:204731] Unlimited access to network resources
2015-02-04 14:45:36.171 unimib-chat-mobile[7552:204731] [CDVTimer][keyboard] 0.061989ms
2015-02-04 14:45:36.171 unimib-chat-mobile[7552:204731] [CDVTimer][TotalPluginStartup] 0.223041ms
2015-02-04 14:45:36.397 unimib-chat-mobile[7552:204731] Resetting plugins due to page load.
2015-02-04 14:45:36.564 unimib-chat-mobile[7552:204731] Finished load of: file:///Users/7iacura/Library/Developer/CoreSimulator/Devices/147DC9E5-D7E0-4AE9-A893-D44988FEBD03/data/Containers/Bundle/Application/A9D1986A-25CE-49B2-AEEE-B0FD1533B026/unimib-chat-mobile.app/www/index.html#/app/storico
2015-02-04 14:48:53.576 unimib-chat-mobile[7730:208022] Apache Cordova native platform version 3.7.0 is starting.
2015-02-04 14:48:53.577 unimib-chat-mobile[7730:208022] Multi-tasking -> Device: YES, App: YES
2015-02-04 14:48:53.578 unimib-chat-mobile[7730:208022] Unlimited access to network resources
2015-02-04 14:48:53.714 unimib-chat-mobile[7730:208022] [CDVTimer][keyboard] 0.069976ms
2015-02-04 14:48:53.714 unimib-chat-mobile[7730:208022] [CDVTimer][TotalPluginStartup] 0.261962ms
2015-02-04 14:48:53.761 unimib-chat-mobile[7730:208022] Resetting plugins due to page load.
2015-02-04 14:48:53.953 unimib-chat-mobile[7730:208022] Finished load of: file:///Users/7iacura/Library/Developer/CoreSimulator/Devices/147DC9E5-D7E0-4AE9-A893-D44988FEBD03/data/Containers/Bundle/Application/905DF3DA-8CBC-4F4F-BA65-4E5DD17A4198/unimib-chat-mobile.app/www/index.html#/app/storico
2015-02-04 14:55:46.568 unimib-chat-mobile[7943:214449] Apache Cordova native platform version 3.7.0 is starting.
2015-02-04 14:55:46.569 unimib-chat-mobile[7943:214449] Multi-tasking -> Device: YES, App: YES
2015-02-04 14:55:46.570 unimib-chat-mobile[7943:214449] Unlimited access to network resources
2015-02-04 14:55:46.916 unimib-chat-mobile[7943:214449] [CDVTimer][keyboard] 0.113010ms
2015-02-04 14:55:46.916 unimib-chat-mobile[7943:214449] [CDVTimer][TotalPluginStartup] 0.312984ms
2015-02-04 14:55:46.980 unimib-chat-mobile[7943:214449] Resetting plugins due to page load.
2015-02-04 14:55:47.188 unimib-chat-mobile[7943:214449] Finished load of: file:///Users/7iacura/Library/Developer/CoreSimulator/Devices/147DC9E5-D7E0-4AE9-A893-D44988FEBD03/data/Containers/Bundle/Application/7957BAE3-BBFE-476D-8DAF-E08F9C6D7ECD/unimib-chat-mobile.app/www/index.html#/app/storico
2015-02-04 14:56:29.561 unimib-chat-mobile[8100:215485] Apache Cordova native platform version 3.7.0 is starting.
2015-02-04 14:56:29.562 unimib-chat-mobile[8100:215485] Multi-tasking -> Device: YES, App: YES
2015-02-04 14:56:29.563 unimib-chat-mobile[8100:215485] Unlimited access to network resources
2015-02-04 14:56:29.722 unimib-chat-mobile[8100:215485] [CDVTimer][keyboard] 0.091016ms
2015-02-04 14:56:29.722 unimib-chat-mobile[8100:215485] [CDVTimer][TotalPluginStartup] 0.317037ms
2015-02-04 14:56:29.771 unimib-chat-mobile[8100:215485] Resetting plugins due to page load.
2015-02-04 14:56:29.920 unimib-chat-mobile[8100:215485] Finished load of: file:///Users/7iacura/Library/Developer/CoreSimulator/Devices/147DC9E5-D7E0-4AE9-A893-D44988FEBD03/data/Containers/Bundle/Application/C207F655-6EDB-4772-A061-7F43D95DF871/unimib-chat-mobile.app/www/index.html#/app/storico
2015-02-04 15:32:13.766 unimib-chat-mobile[8656:239933] Apache Cordova native platform version 3.7.0 is starting.
2015-02-04 15:32:13.767 unimib-chat-mobile[8656:239933] Multi-tasking -> Device: YES, App: YES
2015-02-04 15:32:13.768 unimib-chat-mobile[8656:239933] Unlimited access to network resources
2015-02-04 15:32:14.033 unimib-chat-mobile[8656:239933] [CDVTimer][keyboard] 0.064015ms
2015-02-04 15:32:14.033 unimib-chat-mobile[8656:239933] [CDVTimer][TotalPluginStartup] 0.229001ms
2015-02-04 15:32:15.143 unimib-chat-mobile[8656:239933] Resetting plugins due to page load.
2015-02-04 15:32:15.604 unimib-chat-mobile[8656:239933] Finished load of: file:///Users/7iacura/Library/Developer/CoreSimulator/Devices/147DC9E5-D7E0-4AE9-A893-D44988FEBD03/data/Containers/Bundle/Application/AC5378BE-5BAD-409F-8705-F9018F47D553/unimib-chat-mobile.app/www/index.html#/app/storico
2015-02-04 15:32:23.567 unimib-chat-mobile[8656:239933] Setting the WebView's frame to {{0, 0}, {375, 623}}
2015-02-04 15:32:23.567 unimib-chat-mobile[8656:239933] Setting the WebView's frame to {{0, 0}, {375, 667}}
2015-02-04 15:32:23.702 unimib-chat-mobile[8656:239933] THREAD WARNING: ['InAppBrowser'] took '736.825928' ms. Plugin should use a background thread.
2015-02-04 15:32:23.862 unimib-chat-mobile[8656:239933] Error in Success callbackId: InAppBrowser924567003 : TypeError: null is not an object (evaluating 'event.type')
2015-02-04 15:32:24.065 unimib-chat-mobile[8656:239933] webView:didFailLoadWithError - -1005: The network connection was lost.
2015-02-04 15:34:41.148 unimib-chat-mobile[8869:243214] Apache Cordova native platform version 3.7.0 is starting.
2015-02-04 15:34:41.224 unimib-chat-mobile[8869:243214] Multi-tasking -> Device: YES, App: YES
2015-02-04 15:34:41.226 unimib-chat-mobile[8869:243214] Unlimited access to network resources
2015-02-04 15:34:42.362 unimib-chat-mobile[8869:243214] [CDVTimer][keyboard] 0.063002ms
2015-02-04 15:34:42.362 unimib-chat-mobile[8869:243214] [CDVTimer][TotalPluginStartup] 0.231981ms
2015-02-04 15:34:42.607 unimib-chat-mobile[8869:243214] Resetting plugins due to page load.
2015-02-04 15:34:42.813 unimib-chat-mobile[8869:243214] Finished load of: file:///Users/7iacura/Library/Developer/CoreSimulator/Devices/147DC9E5-D7E0-4AE9-A893-D44988FEBD03/data/Containers/Bundle/Application/7D2BCD3F-1BEA-49EC-B57A-5BC238CA0C67/unimib-chat-mobile.app/www/index.html#/app/storico
2015-02-04 15:35:12.580 unimib-chat-mobile[9023:244083] Apache Cordova native platform version 3.7.0 is starting.
2015-02-04 15:35:12.581 unimib-chat-mobile[9023:244083] Multi-tasking -> Device: YES, App: YES
2015-02-04 15:35:12.583 unimib-chat-mobile[9023:244083] Unlimited access to network resources
2015-02-04 15:35:12.730 unimib-chat-mobile[9023:244083] [CDVTimer][keyboard] 0.057995ms
2015-02-04 15:35:12.730 unimib-chat-mobile[9023:244083] [CDVTimer][TotalPluginStartup] 0.225008ms
2015-02-04 15:35:12.781 unimib-chat-mobile[9023:244083] Resetting plugins due to page load.
2015-02-04 15:35:12.932 unimib-chat-mobile[9023:244083] Finished load of: file:///Users/7iacura/Library/Developer/CoreSimulator/Devices/147DC9E5-D7E0-4AE9-A893-D44988FEBD03/data/Containers/Bundle/Application/EEA26B19-D2E1-41EE-8E48-4DBD28DE62BE/unimib-chat-mobile.app/www/index.html#/app/storico
2015-02-04 15:35:15.332 unimib-chat-mobile[9023:244083] Setting the WebView's frame to {{0, 0}, {375, 623}}
2015-02-04 15:35:15.332 unimib-chat-mobile[9023:244083] Setting the WebView's frame to {{0, 0}, {375, 667}}
2015-02-04 15:35:15.343 unimib-chat-mobile[9023:244083] THREAD WARNING: ['InAppBrowser'] took '552.400879' ms. Plugin should use a background thread.
2015-02-04 15:35:15.424 unimib-chat-mobile[9023:244083] Error in Success callbackId: InAppBrowser93699677 : TypeError: null is not an object (evaluating 'event.type')
2015-02-04 15:36:29.145 unimib-chat-mobile[9023:244083] webView:didFailLoadWithError - -1004: Could not connect to the server.
2015-02-04 15:36:30.113 unimib-chat-mobile[9023:244083] * Identity:  [object Object]
2015-02-04 15:36:30.113 unimib-chat-mobile[9023:244083] l [object Object]
2015-02-04 15:36:36.289 unimib-chat-mobile[9023:244083] u 2
2015-02-04 15:36:41.687 unimib-chat-mobile[9023:244083] l [object Object]
2015-02-04 15:36:45.905 unimib-chat-mobile[9023:244083] u 2
2015-02-04 15:36:53.688 unimib-chat-mobile[9023:244083] l [object Object]
2015-02-04 15:36:56.023 unimib-chat-mobile[9023:244083] u 2
2015-02-04 15:37:05.697 unimib-chat-mobile[9023:244083] l [object Object]
2015-02-04 15:37:06.226 unimib-chat-mobile[9023:244083] u 2
2015-02-04 15:37:16.042 unimib-chat-mobile[9023:244083] u 2
2015-02-04 15:37:17.720 unimib-chat-mobile[9023:244083] l [object Object]
2015-02-04 15:37:25.918 unimib-chat-mobile[9023:244083] u 2
2015-02-04 15:37:29.692 unimib-chat-mobile[9023:244083] l [object Object]
2015-02-04 15:37:36.126 unimib-chat-mobile[9023:244083] u 2
2015-02-04 15:37:41.695 unimib-chat-mobile[9023:244083] l [object Object]
2015-02-04 15:37:46.060 unimib-chat-mobile[9023:244083] u 2
2015-02-04 15:37:53.727 unimib-chat-mobile[9023:244083] l [object Object]
2015-02-04 15:37:57.334 unimib-chat-mobile[9023:244083] u 2
2015-02-04 15:38:05.694 unimib-chat-mobile[9023:244083] l [object Object]
2015-02-04 15:38:06.338 unimib-chat-mobile[9023:244083] u 2
2015-02-04 15:38:15.935 unimib-chat-mobile[9023:244083] u 2
2015-02-04 15:38:17.696 unimib-chat-mobile[9023:244083] l [object Object]
2015-02-04 15:38:26.189 unimib-chat-mobile[9023:244083] u 2
2015-02-04 15:38:29.696 unimib-chat-mobile[9023:244083] l [object Object]
2015-02-04 15:38:36.347 unimib-chat-mobile[9023:244083] u 2
2015-02-04 15:38:41.704 unimib-chat-mobile[9023:244083] l [object Object]
2015-02-04 15:38:46.067 unimib-chat-mobile[9023:244083] u 2
2015-02-04 15:38:53.697 unimib-chat-mobile[9023:244083] l [object Object]
2015-02-04 15:38:56.308 unimib-chat-mobile[9023:244083] u 2
2015-02-04 15:39:05.700 unimib-chat-mobile[9023:244083] l [object Object]
2015-02-04 15:39:06.364 unimib-chat-mobile[9023:244083] u 2
2015-02-04 15:39:15.969 unimib-chat-mobile[9023:244083] u 2
2015-02-04 15:39:17.701 unimib-chat-mobile[9023:244083] l [object Object]
2015-02-04 15:39:25.949 unimib-chat-mobile[9023:244083] u 2
2015-02-04 15:39:29.703 unimib-chat-mobile[9023:244083] l [object Object]
2015-02-04 15:39:35.950 unimib-chat-mobile[9023:244083] u 2
2015-02-04 15:39:41.932 unimib-chat-mobile[9023:244083] l [object Object]
2015-02-04 15:39:46.075 unimib-chat-mobile[9023:244083] u 2
2015-02-04 15:39:53.742 unimib-chat-mobile[9023:244083] l [object Object]
2015-02-04 15:39:56.160 unimib-chat-mobile[9023:244083] u 2
2015-02-04 15:40:05.703 unimib-chat-mobile[9023:244083] l [object Object]
2015-02-04 15:40:06.391 unimib-chat-mobile[9023:244083] u 2
2015-02-04 15:40:16.638 unimib-chat-mobile[9023:244083] u 2
2015-02-04 15:40:17.698 unimib-chat-mobile[9023:244083] l [object Object]
2015-02-04 15:40:26.290 unimib-chat-mobile[9023:244083] u 2
2015-02-04 15:40:29.703 unimib-chat-mobile[9023:244083] l [object Object]
2015-02-04 15:40:36.403 unimib-chat-mobile[9023:244083] u 2
2015-02-04 15:40:41.702 unimib-chat-mobile[9023:244083] l [object Object]
2015-02-04 15:40:46.134 unimib-chat-mobile[9023:244083] u 2
2015-02-04 15:40:53.705 unimib-chat-mobile[9023:244083] l [object Object]
2015-02-04 15:40:57.415 unimib-chat-mobile[9023:244083] u 2
2015-02-04 15:41:05.712 unimib-chat-mobile[9023:244083] l [object Object]
2015-02-04 15:41:06.232 unimib-chat-mobile[9023:244083] u 2
2015-02-04 15:41:16.147 unimib-chat-mobile[9023:244083] u 2
2015-02-04 15:41:17.715 unimib-chat-mobile[9023:244083] l [object Object]
2015-02-04 15:41:25.976 unimib-chat-mobile[9023:244083] u 2
2015-02-04 15:41:29.708 unimib-chat-mobile[9023:244083] l [object Object]
2015-02-04 15:41:36.435 unimib-chat-mobile[9023:244083] u 2
2015-02-04 15:41:41.710 unimib-chat-mobile[9023:244083] l [object Object]
2015-02-04 15:41:46.164 unimib-chat-mobile[9023:244083] u 2
2015-02-04 15:41:53.708 unimib-chat-mobile[9023:244083] l [object Object]
2015-02-04 15:41:57.440 unimib-chat-mobile[9023:244083] u 2
2015-02-04 15:42:05.721 unimib-chat-mobile[9023:244083] l [object Object]
2015-02-04 15:42:05.980 unimib-chat-mobile[9023:244083] u 2
2015-02-04 15:42:15.982 unimib-chat-mobile[9023:244083] u 2
2015-02-04 15:42:17.712 unimib-chat-mobile[9023:244083] l [object Object]
2015-02-04 15:42:25.984 unimib-chat-mobile[9023:244083] u 2
2015-02-04 15:42:29.976 unimib-chat-mobile[9023:244083] l [object Object]
2015-02-04 15:42:36.120 unimib-chat-mobile[9023:244083] u 2
2015-02-04 15:42:41.716 unimib-chat-mobile[9023:244083] l [object Object]
2015-02-04 15:42:46.595 unimib-chat-mobile[9023:244083] u 2
2015-02-04 15:42:53.720 unimib-chat-mobile[9023:244083] l [object Object]
2015-02-04 15:42:55.996 unimib-chat-mobile[9023:244083] u 2
2015-02-04 15:43:05.720 unimib-chat-mobile[9023:244083] l [object Object]
2015-02-04 15:43:05.991 unimib-chat-mobile[9023:244083] u 2
2015-02-04 15:43:16.200 unimib-chat-mobile[9023:244083] u 2
2015-02-04 15:43:17.723 unimib-chat-mobile[9023:244083] l [object Object]
2015-02-04 15:43:25.994 unimib-chat-mobile[9023:244083] u 2
2015-02-04 15:43:30.039 unimib-chat-mobile[9023:244083] l [object Object]
2015-02-04 15:43:36.293 unimib-chat-mobile[9023:244083] u 2
2015-02-04 15:43:41.726 unimib-chat-mobile[9023:244083] l [object Object]
2015-02-04 15:43:46.077 unimib-chat-mobile[9023:244083] u 2
2015-02-04 15:43:53.724 unimib-chat-mobile[9023:244083] l [object Object]
2015-02-04 15:43:57.504 unimib-chat-mobile[9023:244083] u 2
2015-02-04 15:44:05.728 unimib-chat-mobile[9023:244083] l [object Object]
2015-02-04 15:44:06.508 unimib-chat-mobile[9023:244083] u 2
2015-02-04 15:44:16.371 unimib-chat-mobile[9023:244083] u 2
2015-02-04 15:44:17.729 unimib-chat-mobile[9023:244083] l [object Object]
2015-02-04 15:44:26.003 unimib-chat-mobile[9023:244083] u 2
2015-02-04 15:44:29.736 unimib-chat-mobile[9023:244083] l [object Object]
2015-02-04 15:44:36.525 unimib-chat-mobile[9023:244083] u 2
2015-02-04 15:44:41.738 unimib-chat-mobile[9023:244083] l [object Object]
2015-02-04 15:44:46.249 unimib-chat-mobile[9023:244083] u 2
2015-02-04 15:44:53.741 unimib-chat-mobile[9023:244083] l [object Object]
2015-02-04 15:44:57.070 unimib-chat-mobile[9023:244083] u 2
2015-02-04 15:45:05.742 unimib-chat-mobile[9023:244083] l [object Object]
2015-02-04 15:45:06.540 unimib-chat-mobile[9023:244083] u 2
2015-02-04 15:45:16.174 unimib-chat-mobile[9023:244083] u 2
2015-02-04 15:45:17.741 unimib-chat-mobile[9023:244083] l [object Object]
2015-02-04 15:45:26.017 unimib-chat-mobile[9023:244083] u 2
2015-02-04 15:45:29.764 unimib-chat-mobile[9023:244083] l [object Object]
2015-02-04 15:45:36.557 unimib-chat-mobile[9023:244083] u 2
2015-02-04 15:45:41.745 unimib-chat-mobile[9023:244083] l [object Object]
2015-02-04 15:45:46.177 unimib-chat-mobile[9023:244083] u 2
2015-02-04 15:45:53.750 unimib-chat-mobile[9023:244083] l [object Object]
2015-02-04 15:45:56.316 unimib-chat-mobile[9023:244083] u 2
2015-02-04 15:46:05.746 unimib-chat-mobile[9023:244083] l [object Object]
2015-02-04 15:46:06.249 unimib-chat-mobile[9023:244083] u 2
2015-02-04 15:46:16.296 unimib-chat-mobile[9023:244083] u 2
2015-02-04 15:46:17.977 unimib-chat-mobile[9023:244083] l [object Object]
2015-02-04 15:46:26.029 unimib-chat-mobile[9023:244083] u 2
2015-02-04 15:46:29.752 unimib-chat-mobile[9023:244083] l [object Object]
2015-02-04 15:46:36.585 unimib-chat-mobile[9023:244083] u 2
2015-02-04 15:46:41.749 unimib-chat-mobile[9023:244083] l [object Object]
2015-02-04 15:46:46.309 unimib-chat-mobile[9023:244083] u 2
2015-02-04 15:46:53.755 unimib-chat-mobile[9023:244083] l [object Object]
2015-02-04 15:46:56.036 unimib-chat-mobile[9023:244083] u 2
2015-02-04 15:47:05.756 unimib-chat-mobile[9023:244083] l [object Object]
2015-02-04 15:47:06.600 unimib-chat-mobile[9023:244083] u 2
2015-02-04 15:47:16.340 unimib-chat-mobile[9023:244083] u 2
2015-02-04 15:47:17.764 unimib-chat-mobile[9023:244083] l [object Object]
2015-02-04 15:47:26.044 unimib-chat-mobile[9023:244083] u 2
2015-02-04 15:47:29.756 unimib-chat-mobile[9023:244083] l [object Object]
2015-02-04 15:47:36.158 unimib-chat-mobile[9023:244083] u 2
2015-02-04 15:47:41.758 unimib-chat-mobile[9023:244083] l [object Object]
2015-02-04 15:47:46.203 unimib-chat-mobile[9023:244083] u 2
2015-02-04 15:47:53.759 unimib-chat-mobile[9023:244083] l [object Object]
2015-02-04 15:47:56.049 unimib-chat-mobile[9023:244083] u 2
2015-02-04 15:48:05.760 unimib-chat-mobile[9023:244083] l [object Object]
2015-02-04 15:48:06.365 unimib-chat-mobile[9023:244083] u 2
2015-02-04 15:48:16.699 unimib-chat-mobile[9023:244083] u 2
2015-02-04 15:48:17.759 unimib-chat-mobile[9023:244083] l [object Object]
2015-02-04 15:48:26.054 unimib-chat-mobile[9023:244083] u 2
2015-02-04 15:48:29.931 unimib-chat-mobile[9023:244083] l [object Object]
2015-02-04 15:48:36.464 unimib-chat-mobile[9023:244083] u 2
2015-02-04 15:48:41.763 unimib-chat-mobile[9023:244083] l [object Object]
2015-02-04 15:48:46.371 unimib-chat-mobile[9023:244083] u 2
2015-02-04 15:48:53.769 unimib-chat-mobile[9023:244083] l [object Object]
2015-02-04 15:48:57.658 unimib-chat-mobile[9023:244083] u 2
2015-02-04 15:49:05.778 unimib-chat-mobile[9023:244083] l [object Object]
2015-02-04 15:49:06.168 unimib-chat-mobile[9023:244083] u 2
2015-02-04 15:49:16.067 unimib-chat-mobile[9023:244083] u 2
2015-02-04 15:49:17.766 unimib-chat-mobile[9023:244083] l [object Object]
2015-02-04 15:49:26.075 unimib-chat-mobile[9023:244083] u 2
2015-02-04 15:49:29.768 unimib-chat-mobile[9023:244083] l [object Object]
2015-02-04 15:49:36.670 unimib-chat-mobile[9023:244083] u 2
2015-02-04 15:49:41.771 unimib-chat-mobile[9023:244083] l [object Object]
2015-02-04 15:49:46.399 unimib-chat-mobile[9023:244083] u 2
2015-02-04 15:49:53.769 unimib-chat-mobile[9023:244083] l [object Object]
2015-02-04 15:49:56.083 unimib-chat-mobile[9023:244083] u 2
2015-02-04 15:50:05.775 unimib-chat-mobile[9023:244083] l [object Object]
2015-02-04 15:50:06.085 unimib-chat-mobile[9023:244083] u 2
2015-02-04 15:50:16.313 unimib-chat-mobile[9023:244083] u 2
2015-02-04 15:50:17.772 unimib-chat-mobile[9023:244083] l [object Object]
2015-02-04 15:50:26.092 unimib-chat-mobile[9023:244083] u 2
2015-02-04 15:50:29.774 unimib-chat-mobile[9023:244083] l [object Object]
2015-02-04 15:50:36.695 unimib-chat-mobile[9023:244083] u 2
2015-02-04 15:50:41.774 unimib-chat-mobile[9023:244083] l [object Object]
2015-02-04 15:50:46.112 unimib-chat-mobile[9023:244083] u 2
2015-02-04 15:50:53.777 unimib-chat-mobile[9023:244083] l [object Object]
2015-02-04 15:50:56.173 unimib-chat-mobile[9023:244083] u 2
2015-02-04 15:51:05.777 unimib-chat-mobile[9023:244083] l [object Object]
2015-02-04 15:51:06.389 unimib-chat-mobile[9023:244083] u 2
2015-02-04 15:51:16.321 unimib-chat-mobile[9023:244083] u 2
2015-02-04 15:51:17.780 unimib-chat-mobile[9023:244083] l [object Object]
2015-02-04 15:51:26.107 unimib-chat-mobile[9023:244083] u 2
2015-02-04 15:51:29.782 unimib-chat-mobile[9023:244083] l [object Object]
2015-02-04 15:51:36.728 unimib-chat-mobile[9023:244083] u 2
2015-02-04 15:51:41.783 unimib-chat-mobile[9023:244083] l [object Object]
2015-02-04 15:51:46.106 unimib-chat-mobile[9023:244083] u 2
2015-02-04 15:51:54.593 unimib-chat-mobile[9023:244083] l [object Object]
2015-02-04 15:51:56.581 unimib-chat-mobile[9023:244083] u 2
2015-02-04 15:52:05.786 unimib-chat-mobile[9023:244083] l [object Object]
2015-02-04 15:52:06.745 unimib-chat-mobile[9023:244083] u 2
2015-02-04 15:52:16.226 unimib-chat-mobile[9023:244083] u 2
2015-02-04 15:52:17.788 unimib-chat-mobile[9023:244083] l [object Object]
2015-02-04 15:52:26.115 unimib-chat-mobile[9023:244083] u 2
2015-02-04 15:52:29.792 unimib-chat-mobile[9023:244083] l [object Object]
2015-02-04 15:52:36.398 unimib-chat-mobile[9023:244083] u 2
2015-02-04 15:52:41.791 unimib-chat-mobile[9023:244083] l [object Object]
2015-02-04 15:52:46.434 unimib-chat-mobile[9023:244083] u 2
2015-02-04 15:52:53.792 unimib-chat-mobile[9023:244083] l [object Object]
2015-02-04 15:52:56.368 unimib-chat-mobile[9023:244083] u 2
2015-02-04 15:53:05.789 unimib-chat-mobile[9023:244083] l [object Object]
2015-02-04 15:53:06.299 unimib-chat-mobile[9023:244083] u 2
2015-02-04 15:53:16.440 unimib-chat-mobile[9023:244083] u 2
2015-02-04 15:53:17.793 unimib-chat-mobile[9023:244083] l [object Object]
2015-02-04 15:53:26.792 unimib-chat-mobile[9023:244083] u 2
2015-02-04 15:53:29.797 unimib-chat-mobile[9023:244083] l [object Object]
2015-02-04 15:53:36.132 unimib-chat-mobile[9023:244083] u 2
2015-02-04 15:53:41.797 unimib-chat-mobile[9023:244083] l [object Object]
2015-02-04 15:53:46.131 unimib-chat-mobile[9023:244083] u 2
2015-02-04 15:53:53.799 unimib-chat-mobile[9023:244083] l [object Object]
2015-02-04 15:53:56.169 unimib-chat-mobile[9023:244083] u 2
2015-02-04 15:54:05.795 unimib-chat-mobile[9023:244083] l [object Object]
2015-02-04 15:54:06.177 unimib-chat-mobile[9023:244083] u 2
2015-02-04 15:54:16.145 unimib-chat-mobile[9023:244083] u 2
2015-02-04 15:54:17.798 unimib-chat-mobile[9023:244083] l [object Object]
2015-02-04 15:54:26.138 unimib-chat-mobile[9023:244083] u 2
2015-02-04 15:54:29.800 unimib-chat-mobile[9023:244083] l [object Object]
2015-02-04 15:54:36.396 unimib-chat-mobile[9023:244083] u 2
2015-02-04 15:54:41.802 unimib-chat-mobile[9023:244083] l [object Object]
2015-02-04 15:54:46.449 unimib-chat-mobile[9023:244083] u 2
2015-02-04 15:54:53.806 unimib-chat-mobile[9023:244083] l [object Object]
2015-02-04 15:54:57.835 unimib-chat-mobile[9023:244083] u 2
2015-02-04 15:55:05.803 unimib-chat-mobile[9023:244083] l [object Object]
2015-02-04 15:55:06.316 unimib-chat-mobile[9023:244083] u 2
2015-02-04 15:55:16.362 unimib-chat-mobile[9023:244083] u 2
2015-02-04 15:55:17.817 unimib-chat-mobile[9023:244083] l [object Object]
2015-02-04 15:55:26.154 unimib-chat-mobile[9023:244083] u 2
2015-02-04 15:55:29.823 unimib-chat-mobile[9023:244083] l [object Object]
2015-02-04 15:55:36.847 unimib-chat-mobile[9023:244083] u 2
2015-02-04 15:55:41.809 unimib-chat-mobile[9023:244083] l [object Object]
2015-02-04 15:55:46.548 unimib-chat-mobile[9023:244083] u 2
2015-02-04 15:55:53.814 unimib-chat-mobile[9023:244083] l [object Object]
2015-02-04 15:55:56.164 unimib-chat-mobile[9023:244083] u 2
2015-02-04 15:56:05.906 unimib-chat-mobile[9023:244083] l [object Object]
2015-02-04 15:56:06.752 unimib-chat-mobile[9023:244083] u 2
2015-02-04 15:56:16.171 unimib-chat-mobile[9023:244083] u 2
2015-02-04 15:56:17.820 unimib-chat-mobile[9023:244083] l [object Object]
2015-02-04 15:56:26.175 unimib-chat-mobile[9023:244083] u 2
2015-02-04 15:56:29.817 unimib-chat-mobile[9023:244083] l [object Object]
2015-02-04 15:56:36.882 unimib-chat-mobile[9023:244083] u 2
2015-02-04 15:56:41.817 unimib-chat-mobile[9023:244083] l [object Object]
2015-02-04 15:56:46.182 unimib-chat-mobile[9023:244083] u 2
2015-02-04 15:56:53.817 unimib-chat-mobile[9023:244083] l [object Object]
2015-02-04 15:56:56.187 unimib-chat-mobile[9023:244083] u 2
2015-02-04 15:57:05.879 unimib-chat-mobile[9023:244083] l [object Object]
2015-02-04 15:57:06.227 unimib-chat-mobile[9023:244083] u 2
2015-02-04 15:57:16.587 unimib-chat-mobile[9023:244083] u 2
2015-02-04 15:57:17.822 unimib-chat-mobile[9023:244083] l [object Object]
2015-02-04 15:57:26.195 unimib-chat-mobile[9023:244083] u 2
2015-02-04 15:57:29.823 unimib-chat-mobile[9023:244083] l [object Object]
2015-02-04 15:57:36.911 unimib-chat-mobile[9023:244083] u 2
2015-02-04 15:57:41.822 unimib-chat-mobile[9023:244083] l [object Object]
2015-02-04 15:57:46.199 unimib-chat-mobile[9023:244083] u 2
2015-02-04 15:57:53.921 unimib-chat-mobile[9023:244083] l [object Object]
2015-02-04 15:57:56.314 unimib-chat-mobile[9023:244083] u 2
2015-02-04 15:58:05.822 unimib-chat-mobile[9023:244083] l [object Object]
2015-02-04 15:58:06.247 unimib-chat-mobile[9023:244083] u 2
2015-02-04 15:58:16.578 unimib-chat-mobile[9023:244083] u 2
2015-02-04 15:58:18.595 unimib-chat-mobile[9023:244083] l [object Object]
2015-02-04 15:58:26.209 unimib-chat-mobile[9023:244083] u 2
2015-02-04 15:58:29.825 unimib-chat-mobile[9023:244083] l [object Object]
2015-02-04 15:58:36.213 unimib-chat-mobile[9023:244083] u 2
2015-02-04 15:58:41.826 unimib-chat-mobile[9023:244083] l [object Object]
2015-02-04 15:58:46.217 unimib-chat-mobile[9023:244083] u 2
2015-02-04 15:58:53.839 unimib-chat-mobile[9023:244083] l [object Object]
2015-02-04 15:58:56.308 unimib-chat-mobile[9023:244083] u 2
2015-02-04 15:59:06.939 unimib-chat-mobile[9023:244083] l [object Object]
2015-02-04 15:59:06.942 unimib-chat-mobile[9023:244083] u 2
2015-02-04 15:59:16.222 unimib-chat-mobile[9023:244083] u 2
2015-02-04 15:59:17.827 unimib-chat-mobile[9023:244083] l [object Object]
2015-02-04 15:59:26.223 unimib-chat-mobile[9023:244083] u 2
2015-02-04 15:59:29.829 unimib-chat-mobile[9023:244083] l [object Object]
2015-02-04 15:59:36.948 unimib-chat-mobile[9023:244083] u 2
2015-02-04 15:59:41.834 unimib-chat-mobile[9023:244083] l [object Object]
2015-02-04 15:59:46.230 unimib-chat-mobile[9023:244083] u 2
2015-02-04 15:59:54.084 unimib-chat-mobile[9023:244083] l [object Object]
2015-02-04 15:59:56.431 unimib-chat-mobile[9023:244083] u 2
2015-02-04 16:00:05.841 unimib-chat-mobile[9023:244083] l [object Object]
2015-02-04 16:00:06.262 unimib-chat-mobile[9023:244083] u 2
2015-02-04 16:00:16.238 unimib-chat-mobile[9023:244083] u 2
2015-02-04 16:00:18.093 unimib-chat-mobile[9023:244083] l [object Object]
2015-02-04 16:00:26.242 unimib-chat-mobile[9023:244083] u 2
2015-02-04 16:00:30.152 unimib-chat-mobile[9023:244083] l [object Object]
2015-02-04 16:00:36.982 unimib-chat-mobile[9023:244083] u 2
2015-02-04 16:00:41.845 unimib-chat-mobile[9023:244083] l [object Object]
2015-02-04 16:00:46.250 unimib-chat-mobile[9023:244083] u 2
2015-02-04 16:00:53.835 unimib-chat-mobile[9023:244083] l [object Object]
2015-02-04 16:00:56.324 unimib-chat-mobile[9023:244083] u 2
2015-02-04 16:01:05.837 unimib-chat-mobile[9023:244083] l [object Object]
2015-02-04 16:01:06.366 unimib-chat-mobile[9023:244083] u 2
2015-02-04 16:01:16.256 unimib-chat-mobile[9023:244083] u 2
2015-02-04 16:01:17.837 unimib-chat-mobile[9023:244083] l [object Object]
2015-02-04 16:01:26.258 unimib-chat-mobile[9023:244083] u 2
2015-02-04 16:01:29.841 unimib-chat-mobile[9023:244083] l [object Object]
2015-02-04 16:01:37.015 unimib-chat-mobile[9023:244083] u 2
2015-02-04 16:01:41.843 unimib-chat-mobile[9023:244083] l [object Object]
2015-02-04 16:01:46.261 unimib-chat-mobile[9023:244083] u 2
2015-02-04 16:01:53.843 unimib-chat-mobile[9023:244083] l [object Object]
2015-02-04 16:01:56.534 unimib-chat-mobile[9023:244083] u 2
2015-02-04 16:02:05.844 unimib-chat-mobile[9023:244083] l [object Object]
2015-02-04 16:02:06.468 unimib-chat-mobile[9023:244083] u 2
2015-02-04 16:02:16.403 unimib-chat-mobile[9023:244083] u 2
2015-02-04 16:02:17.845 unimib-chat-mobile[9023:244083] l [object Object]
2015-02-04 16:02:26.270 unimib-chat-mobile[9023:244083] u 2
2015-02-04 16:02:29.847 unimib-chat-mobile[9023:244083] l [object Object]
2015-02-04 16:02:37.045 unimib-chat-mobile[9023:244083] u 2
2015-02-04 16:02:42.071 unimib-chat-mobile[9023:244083] l [object Object]
2015-02-04 16:02:46.276 unimib-chat-mobile[9023:244083] u 2
2015-02-04 16:02:53.850 unimib-chat-mobile[9023:244083] l [object Object]
2015-02-04 16:02:56.280 unimib-chat-mobile[9023:244083] u 2
2015-02-04 16:03:05.850 unimib-chat-mobile[9023:244083] l [object Object]
2015-02-04 16:03:07.378 unimib-chat-mobile[9023:244083] u 2
2015-02-04 16:03:16.738 unimib-chat-mobile[9023:244083] u 2
2015-02-04 16:03:17.852 unimib-chat-mobile[9023:244083] l [object Object]
2015-02-04 16:03:27.773 unimib-chat-mobile[9023:244083] u 2
2015-02-04 16:03:29.851 unimib-chat-mobile[9023:244083] l [object Object]
2015-02-04 16:03:36.288 unimib-chat-mobile[9023:244083] u 2
2015-02-04 16:03:41.854 unimib-chat-mobile[9023:244083] l [object Object]
2015-02-04 16:03:46.291 unimib-chat-mobile[9023:244083] u 2
2015-02-04 16:03:53.856 unimib-chat-mobile[9023:244083] l [object Object]
2015-02-04 16:03:56.362 unimib-chat-mobile[9023:244083] u 2
2015-02-04 16:04:05.869 unimib-chat-mobile[9023:244083] l [object Object]
2015-02-04 16:04:06.725 unimib-chat-mobile[9023:244083] u 2
2015-02-04 16:04:16.302 unimib-chat-mobile[9023:244083] u 2
2015-02-04 16:04:17.864 unimib-chat-mobile[9023:244083] l [object Object]
2015-02-04 16:04:26.465 unimib-chat-mobile[9023:244083] u 2
2015-02-04 16:04:30.037 unimib-chat-mobile[9023:244083] l [object Object]
2015-02-04 16:04:37.778 unimib-chat-mobile[9023:244083] u 2
2015-02-04 16:04:41.864 unimib-chat-mobile[9023:244083] l [object Object]
2015-02-04 16:04:46.413 unimib-chat-mobile[9023:244083] u 2
2015-02-04 16:04:53.871 unimib-chat-mobile[9023:244083] l [object Object]
2015-02-04 16:04:56.763 unimib-chat-mobile[9023:244083] u 2
2015-02-04 16:05:05.867 unimib-chat-mobile[9023:244083] l [object Object]
2015-02-04 16:05:07.126 unimib-chat-mobile[9023:244083] u 2
2015-02-04 16:05:16.819 unimib-chat-mobile[9023:244083] u 2
2015-02-04 16:05:18.387 unimib-chat-mobile[9023:244083] l [object Object]
2015-02-04 16:05:26.336 unimib-chat-mobile[9023:244083] u 2
2015-02-04 16:05:29.871 unimib-chat-mobile[9023:244083] l [object Object]
2015-02-04 16:05:37.143 unimib-chat-mobile[9023:244083] u 2
2015-02-04 16:05:41.870 unimib-chat-mobile[9023:244083] l [object Object]
2015-02-04 16:05:46.324 unimib-chat-mobile[9023:244083] u 2
2015-02-04 16:05:53.871 unimib-chat-mobile[9023:244083] l [object Object]
2015-02-04 16:05:58.015 unimib-chat-mobile[9023:244083] u 2
2015-02-04 16:06:05.873 unimib-chat-mobile[9023:244083] l [object Object]
2015-02-04 16:06:07.163 unimib-chat-mobile[9023:244083] u 2
2015-02-04 16:06:16.330 unimib-chat-mobile[9023:244083] u 2
2015-02-04 16:06:17.873 unimib-chat-mobile[9023:244083] l [object Object]
2015-02-04 16:06:26.331 unimib-chat-mobile[9023:244083] u 2
2015-02-04 16:06:29.877 unimib-chat-mobile[9023:244083] l [object Object]
2015-02-04 16:06:36.359 unimib-chat-mobile[9023:244083] u 2
2015-02-04 16:06:41.881 unimib-chat-mobile[9023:244083] l [object Object]
2015-02-04 16:06:46.336 unimib-chat-mobile[9023:244083] u 2
2015-02-04 16:06:53.898 unimib-chat-mobile[9023:244083] l [object Object]
2015-02-04 16:06:56.472 unimib-chat-mobile[9023:244083] u 2
2015-02-04 16:07:05.885 unimib-chat-mobile[9023:244083] l [object Object]
2015-02-04 16:07:07.191 unimib-chat-mobile[9023:244083] u 2
2015-02-04 16:07:16.346 unimib-chat-mobile[9023:244083] u 2
2015-02-04 16:07:17.881 unimib-chat-mobile[9023:244083] l [object Object]
2015-02-04 16:07:26.347 unimib-chat-mobile[9023:244083] u 2
2015-02-04 16:07:29.892 unimib-chat-mobile[9023:244083] l [object Object]
2015-02-04 16:07:37.201 unimib-chat-mobile[9023:244083] u 2
2015-02-04 16:07:41.887 unimib-chat-mobile[9023:244083] l [object Object]
2015-02-04 16:07:46.352 unimib-chat-mobile[9023:244083] u 2
2015-02-04 16:07:53.891 unimib-chat-mobile[9023:244083] l [object Object]
2015-02-04 16:07:56.376 unimib-chat-mobile[9023:244083] u 2
2015-02-04 16:08:05.888 unimib-chat-mobile[9023:244083] l [object Object]
2015-02-04 16:08:07.218 unimib-chat-mobile[9023:244083] u 2
2015-02-04 16:08:16.357 unimib-chat-mobile[9023:244083] u 2
2015-02-04 16:08:17.906 unimib-chat-mobile[9023:244083] l [object Object]
2015-02-04 16:08:26.483 unimib-chat-mobile[9023:244083] u 2
2015-02-04 16:08:29.891 unimib-chat-mobile[9023:244083] l [object Object]
2015-02-04 16:08:37.237 unimib-chat-mobile[9023:244083] u 2
2015-02-04 16:08:41.891 unimib-chat-mobile[9023:244083] l [object Object]
2015-02-04 16:08:46.360 unimib-chat-mobile[9023:244083] u 2
2015-02-04 16:08:53.890 unimib-chat-mobile[9023:244083] l [object Object]
2015-02-04 16:08:58.629 unimib-chat-mobile[9023:244083] u 2
2015-02-04 16:09:05.895 unimib-chat-mobile[9023:244083] l [object Object]
2015-02-04 16:09:07.253 unimib-chat-mobile[9023:244083] u 2
2015-02-04 16:09:16.368 unimib-chat-mobile[9023:244083] u 2
2015-02-04 16:09:17.897 unimib-chat-mobile[9023:244083] l [object Object]
2015-02-04 16:09:26.591 unimib-chat-mobile[9023:244083] u 2
2015-02-04 16:09:29.899 unimib-chat-mobile[9023:244083] l [object Object]
2015-02-04 16:09:37.268 unimib-chat-mobile[9023:244083] u 2
2015-02-04 16:09:41.901 unimib-chat-mobile[9023:244083] l [object Object]
2015-02-04 16:09:46.389 unimib-chat-mobile[9023:244083] u 2
2015-02-04 16:09:53.924 unimib-chat-mobile[9023:244083] l [object Object]
2015-02-04 16:09:56.392 unimib-chat-mobile[9023:244083] u 2
2015-02-04 16:10:05.905 unimib-chat-mobile[9023:244083] l [object Object]
2015-02-04 16:10:06.382 unimib-chat-mobile[9023:244083] u 2
2015-02-04 16:10:16.385 unimib-chat-mobile[9023:244083] u 2
2015-02-04 16:10:17.912 unimib-chat-mobile[9023:244083] l [object Object]
2015-02-04 16:10:26.384 unimib-chat-mobile[9023:244083] u 2
2015-02-04 16:10:30.146 unimib-chat-mobile[9023:244083] l [object Object]
2015-02-04 16:10:37.298 unimib-chat-mobile[9023:244083] u 2
2015-02-04 16:10:42.186 unimib-chat-mobile[9023:244083] l [object Object]
2015-02-04 16:10:46.387 unimib-chat-mobile[9023:244083] u 2
2015-02-04 16:10:53.908 unimib-chat-mobile[9023:244083] l [object Object]
2015-02-04 16:10:56.501 unimib-chat-mobile[9023:244083] u 2
2015-02-04 16:11:05.909 unimib-chat-mobile[9023:244083] l [object Object]
2015-02-04 16:11:06.752 unimib-chat-mobile[9023:244083] u 2
2015-02-04 16:11:16.411 unimib-chat-mobile[9023:244083] u 2
2015-02-04 16:11:17.909 unimib-chat-mobile[9023:244083] l [object Object]
2015-02-04 16:11:26.398 unimib-chat-mobile[9023:244083] u 2
2015-02-04 16:11:29.913 unimib-chat-mobile[9023:244083] l [object Object]
2015-02-04 16:11:37.329 unimib-chat-mobile[9023:244083] u 2
2015-02-04 16:11:41.911 unimib-chat-mobile[9023:244083] l [object Object]
2015-02-04 16:11:46.403 unimib-chat-mobile[9023:244083] u 2
2015-02-04 16:11:53.914 unimib-chat-mobile[9023:244083] l [object Object]
2015-02-04 16:11:56.610 unimib-chat-mobile[9023:244083] u 2
2015-02-04 16:12:05.929 unimib-chat-mobile[9023:244083] l [object Object]
2015-02-04 16:12:06.850 unimib-chat-mobile[9023:244083] u 2
2015-02-04 16:12:16.411 unimib-chat-mobile[9023:244083] u 2
2015-02-04 16:12:17.926 unimib-chat-mobile[9023:244083] l [object Object]
2015-02-04 16:12:26.412 unimib-chat-mobile[9023:244083] u 2
2015-02-04 16:12:29.916 unimib-chat-mobile[9023:244083] l [object Object]
2015-02-04 16:12:37.353 unimib-chat-mobile[9023:244083] u 2
2015-02-04 16:12:41.934 unimib-chat-mobile[9023:244083] l [object Object]
2015-02-04 16:12:46.479 unimib-chat-mobile[9023:244083] u 2
2015-02-04 16:12:53.918 unimib-chat-mobile[9023:244083] l [object Object]
2015-02-04 16:12:56.419 unimib-chat-mobile[9023:244083] u 2
2015-02-04 16:13:05.919 unimib-chat-mobile[9023:244083] l [object Object]
2015-02-04 16:13:06.482 unimib-chat-mobile[9023:244083] u 2
2015-02-04 16:13:16.422 unimib-chat-mobile[9023:244083] u 2
2015-02-04 16:13:17.915 unimib-chat-mobile[9023:244083] l [object Object]
2015-02-04 16:13:26.423 unimib-chat-mobile[9023:244083] u 2
2015-02-04 16:13:29.919 unimib-chat-mobile[9023:244083] l [object Object]
2015-02-04 16:13:37.286 unimib-chat-mobile[9023:244083] u 2
2015-02-04 16:13:41.918 unimib-chat-mobile[9023:244083] l [object Object]
2015-02-04 16:13:46.430 unimib-chat-mobile[9023:244083] u 2
2015-02-04 16:13:53.923 unimib-chat-mobile[9023:244083] l [object Object]
2015-02-04 16:13:56.433 unimib-chat-mobile[9023:244083] u 2
2015-02-04 16:14:05.939 unimib-chat-mobile[9023:244083] l [object Object]
2015-02-04 16:14:06.557 unimib-chat-mobile[9023:244083] u 2
2015-02-04 16:14:16.490 unimib-chat-mobile[9023:244083] u 2
2015-02-04 16:14:17.919 unimib-chat-mobile[9023:244083] l [object Object]
2015-02-04 16:14:26.439 unimib-chat-mobile[9023:244083] u 2
2015-02-04 16:14:29.921 unimib-chat-mobile[9023:244083] l [object Object]
2015-02-04 16:14:36.467 unimib-chat-mobile[9023:244083] u 2
2015-02-04 16:14:41.924 unimib-chat-mobile[9023:244083] l [object Object]
2015-02-04 16:14:46.462 unimib-chat-mobile[9023:244083] u 2
2015-02-04 16:14:53.927 unimib-chat-mobile[9023:244083] l [object Object]
2015-02-04 16:14:56.446 unimib-chat-mobile[9023:244083] u 2
2015-02-04 16:15:05.921 unimib-chat-mobile[9023:244083] l [object Object]
2015-02-04 16:15:06.448 unimib-chat-mobile[9023:244083] u 2
2015-02-04 16:15:16.509 unimib-chat-mobile[9023:244083] u 2
2015-02-04 16:15:17.921 unimib-chat-mobile[9023:244083] l [object Object]
2015-02-04 16:15:26.453 unimib-chat-mobile[9023:244083] u 2
2015-02-04 16:15:30.143 unimib-chat-mobile[9023:244083] l [object Object]
2015-02-04 16:15:37.401 unimib-chat-mobile[9023:244083] u 2
2015-02-04 16:15:42.443 unimib-chat-mobile[9023:244083] l [object Object]
2015-02-04 16:16:00.419 unimib-chat-mobile[9568:279302] Apache Cordova native platform version 3.7.0 is starting.
2015-02-04 16:16:00.420 unimib-chat-mobile[9568:279302] Multi-tasking -> Device: YES, App: YES
2015-02-04 16:16:00.421 unimib-chat-mobile[9568:279302] Unlimited access to network resources
2015-02-04 16:16:00.976 unimib-chat-mobile[9568:279302] [CDVTimer][keyboard] 0.055969ms
2015-02-04 16:16:00.976 unimib-chat-mobile[9568:279302] [CDVTimer][TotalPluginStartup] 0.225961ms
2015-02-04 16:16:03.448 unimib-chat-mobile[9568:279302] Resetting plugins due to page load.
2015-02-04 16:16:03.929 unimib-chat-mobile[9568:279302] Finished load of: file:///Users/7iacura/Library/Developer/CoreSimulator/Devices/147DC9E5-D7E0-4AE9-A893-D44988FEBD03/data/Containers/Bundle/Application/BA7F5A97-3F14-444B-BB71-DDDA121E5CEB/unimib-chat-mobile.app/www/index.html#/app/storico
2015-02-04 16:18:44.546 unimib-chat-mobile[9742:282287] Apache Cordova native platform version 3.7.0 is starting.
2015-02-04 16:18:44.547 unimib-chat-mobile[9742:282287] Multi-tasking -> Device: YES, App: YES
2015-02-04 16:18:44.548 unimib-chat-mobile[9742:282287] Unlimited access to network resources
2015-02-04 16:18:44.689 unimib-chat-mobile[9742:282287] [CDVTimer][keyboard] 0.061989ms
2015-02-04 16:18:44.689 unimib-chat-mobile[9742:282287] [CDVTimer][TotalPluginStartup] 0.229001ms
2015-02-04 16:18:44.739 unimib-chat-mobile[9742:282287] Resetting plugins due to page load.
2015-02-04 16:18:44.898 unimib-chat-mobile[9742:282287] Finished load of: file:///Users/7iacura/Library/Developer/CoreSimulator/Devices/147DC9E5-D7E0-4AE9-A893-D44988FEBD03/data/Containers/Bundle/Application/D05252BF-693E-44AD-8A71-F9FE09B524EB/unimib-chat-mobile.app/www/index.html#/app/storico
2015-02-04 16:20:43.785 unimib-chat-mobile[9913:284348] Apache Cordova native platform version 3.7.0 is starting.
2015-02-04 16:20:43.786 unimib-chat-mobile[9913:284348] Multi-tasking -> Device: YES, App: YES
2015-02-04 16:20:43.788 unimib-chat-mobile[9913:284348] Unlimited access to network resources
2015-02-04 16:20:43.926 unimib-chat-mobile[9913:284348] [CDVTimer][keyboard] 0.061989ms
2015-02-04 16:20:43.927 unimib-chat-mobile[9913:284348] [CDVTimer][TotalPluginStartup] 0.221014ms
2015-02-04 16:20:43.976 unimib-chat-mobile[9913:284348] Resetting plugins due to page load.
2015-02-04 16:20:44.205 unimib-chat-mobile[9913:284348] Finished load of: file:///Users/7iacura/Library/Developer/CoreSimulator/Devices/147DC9E5-D7E0-4AE9-A893-D44988FEBD03/data/Containers/Bundle/Application/CF54350C-DC54-4599-BD59-A70EDE6DEF16/unimib-chat-mobile.app/www/index.html#/app/storico
2015-02-04 16:24:57.636 unimib-chat-mobile[10108:288308] Apache Cordova native platform version 3.7.0 is starting.
2015-02-04 16:24:57.637 unimib-chat-mobile[10108:288308] Multi-tasking -> Device: YES, App: YES
2015-02-04 16:24:57.638 unimib-chat-mobile[10108:288308] Unlimited access to network resources
2015-02-04 16:24:57.776 unimib-chat-mobile[10108:288308] [CDVTimer][keyboard] 0.057042ms
2015-02-04 16:24:57.776 unimib-chat-mobile[10108:288308] [CDVTimer][TotalPluginStartup] 0.216961ms
2015-02-04 16:24:57.823 unimib-chat-mobile[10108:288308] Resetting plugins due to page load.
2015-02-04 16:24:58.028 unimib-chat-mobile[10108:288308] Finished load of: file:///Users/7iacura/Library/Developer/CoreSimulator/Devices/147DC9E5-D7E0-4AE9-A893-D44988FEBD03/data/Containers/Bundle/Application/40497106-A676-41D9-BF3C-942157F4906E/unimib-chat-mobile.app/www/index.html#/app/storico
2015-02-04 16:26:04.638 unimib-chat-mobile[10275:289649] Apache Cordova native platform version 3.7.0 is starting.
2015-02-04 16:26:04.639 unimib-chat-mobile[10275:289649] Multi-tasking -> Device: YES, App: YES
2015-02-04 16:26:04.641 unimib-chat-mobile[10275:289649] Unlimited access to network resources
2015-02-04 16:26:04.824 unimib-chat-mobile[10275:289649] [CDVTimer][keyboard] 0.066996ms
2015-02-04 16:26:04.824 unimib-chat-mobile[10275:289649] [CDVTimer][TotalPluginStartup] 0.234962ms
2015-02-04 16:26:04.876 unimib-chat-mobile[10275:289649] Resetting plugins due to page load.
2015-02-04 16:26:05.043 unimib-chat-mobile[10275:289649] Finished load of: file:///Users/7iacura/Library/Developer/CoreSimulator/Devices/147DC9E5-D7E0-4AE9-A893-D44988FEBD03/data/Containers/Bundle/Application/EE836F60-9D78-4B3F-AEF7-A1EDE6AE667D/unimib-chat-mobile.app/www/index.html#/app/storico
2015-02-04 16:27:15.960 unimib-chat-mobile[10437:291010] Apache Cordova native platform version 3.7.0 is starting.
2015-02-04 16:27:15.961 unimib-chat-mobile[10437:291010] Multi-tasking -> Device: YES, App: YES
2015-02-04 16:27:15.962 unimib-chat-mobile[10437:291010] Unlimited access to network resources
2015-02-04 16:27:16.099 unimib-chat-mobile[10437:291010] [CDVTimer][keyboard] 0.056982ms
2015-02-04 16:27:16.099 unimib-chat-mobile[10437:291010] [CDVTimer][TotalPluginStartup] 0.218987ms
2015-02-04 16:27:16.146 unimib-chat-mobile[10437:291010] Resetting plugins due to page load.
2015-02-04 16:27:16.319 unimib-chat-mobile[10437:291010] Finished load of: file:///Users/7iacura/Library/Developer/CoreSimulator/Devices/147DC9E5-D7E0-4AE9-A893-D44988FEBD03/data/Containers/Bundle/Application/B5768DB7-F625-4D53-9129-A8A551F9EA6C/unimib-chat-mobile.app/www/index.html#/app/storico
2015-02-04 16:27:39.643 unimib-chat-mobile[10437:291010] Setting the WebView's frame to {{0, 0}, {375, 623}}
2015-02-04 16:27:39.644 unimib-chat-mobile[10437:291010] Setting the WebView's frame to {{0, 0}, {375, 667}}
2015-02-04 16:27:39.652 unimib-chat-mobile[10437:291010] THREAD WARNING: ['InAppBrowser'] took '268.257080' ms. Plugin should use a background thread.
2015-02-04 16:27:39.685 unimib-chat-mobile[10437:291010] Error in Success callbackId: InAppBrowser1456845669 : TypeError: null is not an object (evaluating 'event.type')
2015-02-04 16:28:23.076 unimib-chat-mobile[10437:291010] webView:didFailLoadWithError - -1004: Could not connect to the server.
2015-02-04 16:28:23.710 unimib-chat-mobile[10437:291010] * Identity:  [object Object]
2015-02-04 16:28:23.723 unimib-chat-mobile[10437:291010] l [object Object]
2015-02-04 16:28:26.628 unimib-chat-mobile[10437:291010] u 2
2015-02-04 16:28:31.688 unimib-chat-mobile[10437:291010] + ciao
2015-02-04 16:28:31.688 unimib-chat-mobile[10437:291010] t ciao
2015-02-04 16:28:33.177 unimib-chat-mobile[10437:291010] - ciao
2015-02-04 16:28:33.177 unimib-chat-mobile[10437:291010] t 
2015-02-04 16:28:35.335 unimib-chat-mobile[10437:291010] l [object Object]
2015-02-04 16:28:37.600 unimib-chat-mobile[10437:291010] u 2
2015-02-04 16:28:46.631 unimib-chat-mobile[10437:291010] u 2
2015-02-04 16:28:47.335 unimib-chat-mobile[10437:291010] l [object Object]
2015-02-04 16:28:56.633 unimib-chat-mobile[10437:291010] u 2
2015-02-04 16:28:59.335 unimib-chat-mobile[10437:291010] l [object Object]
2015-02-04 16:29:06.905 unimib-chat-mobile[10437:291010] u 2
2015-02-04 16:29:11.334 unimib-chat-mobile[10437:291010] l [object Object]
2015-02-04 16:29:16.642 unimib-chat-mobile[10437:291010] u 2
2015-02-04 16:29:23.335 unimib-chat-mobile[10437:291010] l [object Object]
2015-02-04 16:29:26.789 unimib-chat-mobile[10437:291010] u 2
2015-02-04 16:29:35.337 unimib-chat-mobile[10437:291010] l [object Object]
2015-02-04 16:29:37.612 unimib-chat-mobile[10437:291010] u 2
2015-02-04 16:29:46.653 unimib-chat-mobile[10437:291010] u 2
2015-02-04 16:29:47.336 unimib-chat-mobile[10437:291010] l [object Object]
2015-02-04 16:29:58.638 unimib-chat-mobile[10437:291010] u 2
2015-02-04 16:29:59.337 unimib-chat-mobile[10437:291010] l [object Object]
2015-02-04 16:30:07.076 unimib-chat-mobile[10437:291010] u 2
2015-02-04 16:30:11.339 unimib-chat-mobile[10437:291010] l [object Object]
2015-02-04 16:30:16.660 unimib-chat-mobile[10437:291010] u 2
2015-02-04 16:30:23.339 unimib-chat-mobile[10437:291010] l [object Object]
2015-02-04 16:30:26.898 unimib-chat-mobile[10437:291010] u 2
2015-02-04 16:30:35.339 unimib-chat-mobile[10437:291010] l [object Object]
2015-02-04 16:30:37.149 unimib-chat-mobile[10437:291010] u 2
2015-02-04 16:30:46.667 unimib-chat-mobile[10437:291010] u 2
2015-02-04 16:30:47.341 unimib-chat-mobile[10437:291010] l [object Object]
2015-02-04 16:30:58.637 unimib-chat-mobile[10437:291010] u 2
2015-02-04 16:30:59.340 unimib-chat-mobile[10437:291010] l [object Object]
2015-02-04 16:31:07.357 unimib-chat-mobile[10437:291010] u 2
2015-02-04 16:31:11.341 unimib-chat-mobile[10437:291010] l [object Object]
2015-02-04 16:31:16.679 unimib-chat-mobile[10437:291010] u 2
2015-02-04 16:31:23.351 unimib-chat-mobile[10437:291010] l [object Object]
2015-02-04 16:31:26.806 unimib-chat-mobile[10437:291010] u 2
2015-02-04 16:31:35.343 unimib-chat-mobile[10437:291010] l [object Object]
2015-02-04 16:31:36.683 unimib-chat-mobile[10437:291010] u 2
2015-02-04 16:31:46.686 unimib-chat-mobile[10437:291010] u 2
2015-02-04 16:31:47.342 unimib-chat-mobile[10437:291010] l [object Object]
2015-02-04 16:31:56.808 unimib-chat-mobile[10437:291010] u 2
2015-02-04 16:31:59.345 unimib-chat-mobile[10437:291010] l [object Object]
2015-02-04 16:32:06.691 unimib-chat-mobile[10437:291010] u 2
2015-02-04 16:32:11.351 unimib-chat-mobile[10437:291010] l [object Object]
2015-02-04 16:32:16.692 unimib-chat-mobile[10437:291010] u 2
2015-02-04 16:32:23.344 unimib-chat-mobile[10437:291010] l [object Object]
2015-02-04 16:32:26.913 unimib-chat-mobile[10437:291010] u 2
2015-02-04 16:32:35.344 unimib-chat-mobile[10437:291010] l [object Object]
2015-02-04 16:32:37.651 unimib-chat-mobile[10437:291010] u 2
2015-02-04 16:32:46.699 unimib-chat-mobile[10437:291010] u 2
2015-02-04 16:32:47.344 unimib-chat-mobile[10437:291010] l [object Object]
2015-02-04 16:32:57.701 unimib-chat-mobile[10437:291010] u 2
2015-02-04 16:32:59.345 unimib-chat-mobile[10437:291010] l [object Object]
2015-02-04 16:33:07.675 unimib-chat-mobile[10437:291010] u 2
2015-02-04 16:33:11.345 unimib-chat-mobile[10437:291010] l [object Object]
2015-02-04 16:33:16.708 unimib-chat-mobile[10437:291010] u 2
2015-02-04 16:33:23.348 unimib-chat-mobile[10437:291010] l [object Object]
2015-02-04 16:33:26.819 unimib-chat-mobile[10437:291010] u 2
2015-02-04 16:33:35.347 unimib-chat-mobile[10437:291010] l [object Object]
2015-02-04 16:33:37.685 unimib-chat-mobile[10437:291010] u 2
2015-02-04 16:33:46.715 unimib-chat-mobile[10437:291010] u 2
2015-02-04 16:33:47.350 unimib-chat-mobile[10437:291010] l [object Object]
2015-02-04 16:33:58.693 unimib-chat-mobile[10437:291010] u 2
2015-02-04 16:33:59.347 unimib-chat-mobile[10437:291010] l [object Object]
2015-02-04 16:33:59.501 unimib-chat-mobile[10437:291010] + ciao
2015-02-04 16:33:59.501 unimib-chat-mobile[10437:291010] t ciao
2015-02-04 16:33:59.819 unimib-chat-mobile[10437:291010] - ciao
2015-02-04 16:33:59.820 unimib-chat-mobile[10437:291010] t 
2015-02-04 16:34:00.069 unimib-chat-mobile[10437:291010] + ciao
2015-02-04 16:34:00.069 unimib-chat-mobile[10437:291010] t ciao
2015-02-04 16:34:00.258 unimib-chat-mobile[10437:291010] - ciao
2015-02-04 16:34:00.258 unimib-chat-mobile[10437:291010] t 
2015-02-04 16:34:00.935 unimib-chat-mobile[10437:291010] + ciao
2015-02-04 16:34:00.935 unimib-chat-mobile[10437:291010] t ciao
2015-02-04 16:34:01.608 unimib-chat-mobile[10437:291010] - ciao
2015-02-04 16:34:01.608 unimib-chat-mobile[10437:291010] t 
2015-02-04 16:34:07.695 unimib-chat-mobile[10437:291010] u 2
2015-02-04 16:34:11.351 unimib-chat-mobile[10437:291010] l [object Object]
2015-02-04 16:34:16.722 unimib-chat-mobile[10437:291010] u 2
2015-02-04 16:34:23.349 unimib-chat-mobile[10437:291010] l [object Object]
2015-02-04 16:34:28.705 unimib-chat-mobile[10437:291010] u 2
2015-02-04 16:34:35.350 unimib-chat-mobile[10437:291010] l [object Object]
2015-02-04 16:34:36.752 unimib-chat-mobile[10437:291010] u 2
2015-02-04 16:34:46.726 unimib-chat-mobile[10437:291010] u 1
2015-02-04 16:34:47.359 unimib-chat-mobile[10437:291010] l [object Object]
2015-02-04 16:34:58.768 unimib-chat-mobile[10437:291010] u 1
2015-02-04 16:34:59.347 unimib-chat-mobile[10437:291010] l [object Object]
2015-02-04 16:35:07.715 unimib-chat-mobile[10437:291010] u 1
2015-02-04 16:35:11.366 unimib-chat-mobile[10437:291010] l [object Object]
2015-02-04 16:35:16.736 unimib-chat-mobile[10437:291010] u 1
2015-02-04 16:35:23.351 unimib-chat-mobile[10437:291010] l [object Object]
2015-02-04 16:35:26.740 unimib-chat-mobile[10437:291010] u 1
2015-02-04 16:35:35.350 unimib-chat-mobile[10437:291010] l [object Object]
2015-02-04 16:35:37.723 unimib-chat-mobile[10437:291010] u 1
2015-02-04 16:35:46.748 unimib-chat-mobile[10437:291010] u 1
2015-02-04 16:35:47.351 unimib-chat-mobile[10437:291010] l [object Object]
2015-02-04 16:35:56.749 unimib-chat-mobile[10437:291010] u 1
2015-02-04 16:35:59.577 unimib-chat-mobile[10437:291010] l [object Object]
2015-02-04 16:36:06.770 unimib-chat-mobile[10437:291010] u 1
2015-02-04 16:36:11.354 unimib-chat-mobile[10437:291010] l [object Object]
2015-02-04 16:36:16.756 unimib-chat-mobile[10437:291010] u 1
2015-02-04 16:36:23.359 unimib-chat-mobile[10437:291010] l [object Object]
2015-02-04 16:36:28.739 unimib-chat-mobile[10437:291010] u 1
2015-02-04 16:36:35.353 unimib-chat-mobile[10437:291010] l [object Object]
2015-02-04 16:36:36.758 unimib-chat-mobile[10437:291010] u 1
2015-02-04 16:36:46.761 unimib-chat-mobile[10437:291010] u 1
2015-02-04 16:36:47.354 unimib-chat-mobile[10437:291010] l [object Object]
2015-02-04 16:36:56.856 unimib-chat-mobile[10437:291010] u 1
2015-02-04 16:36:59.357 unimib-chat-mobile[10437:291010] l [object Object]
2015-02-04 16:37:07.555 unimib-chat-mobile[10437:291010] u 1
2015-02-04 16:37:11.358 unimib-chat-mobile[10437:291010] l [object Object]
2015-02-04 16:37:16.768 unimib-chat-mobile[10437:291010] u 1
2015-02-04 16:37:23.591 unimib-chat-mobile[10437:291010] l [object Object]
2015-02-04 16:37:28.889 unimib-chat-mobile[10437:291010] u 1
2015-02-04 16:37:35.357 unimib-chat-mobile[10437:291010] l [object Object]
2015-02-04 16:37:36.876 unimib-chat-mobile[10437:291010] u 1
2015-02-04 16:37:46.774 unimib-chat-mobile[10437:291010] u 1
2015-02-04 16:37:47.373 unimib-chat-mobile[10437:291010] l [object Object]
2015-02-04 16:37:56.852 unimib-chat-mobile[10437:291010] u 1
2015-02-04 16:37:59.361 unimib-chat-mobile[10437:291010] l [object Object]
2015-02-04 16:38:06.780 unimib-chat-mobile[10437:291010] u 1
2015-02-04 16:38:11.360 unimib-chat-mobile[10437:291010] l [object Object]
2015-02-04 16:38:16.783 unimib-chat-mobile[10437:291010] u 1
2015-02-04 16:38:23.362 unimib-chat-mobile[10437:291010] l [object Object]
2015-02-04 16:38:28.779 unimib-chat-mobile[10437:291010] u 1
2015-02-04 16:38:35.359 unimib-chat-mobile[10437:291010] l [object Object]
2015-02-04 16:38:37.088 unimib-chat-mobile[10437:291010] u 1
2015-02-04 16:38:46.794 unimib-chat-mobile[10437:291010] u 1
2015-02-04 16:38:47.361 unimib-chat-mobile[10437:291010] l [object Object]
2015-02-04 16:38:56.792 unimib-chat-mobile[10437:291010] u 1
2015-02-04 16:38:59.366 unimib-chat-mobile[10437:291010] l [object Object]
2015-02-04 16:39:07.174 unimib-chat-mobile[10437:291010] u 1
2015-02-04 16:39:11.360 unimib-chat-mobile[10437:291010] l [object Object]
2015-02-04 16:39:16.795 unimib-chat-mobile[10437:291010] u 1
2015-02-04 16:39:23.588 unimib-chat-mobile[10437:291010] l [object Object]
2015-02-04 16:39:26.800 unimib-chat-mobile[10437:291010] u 1
2015-02-04 16:39:35.362 unimib-chat-mobile[10437:291010] l [object Object]
2015-02-04 16:39:36.987 unimib-chat-mobile[10437:291010] u 1
2015-02-04 16:39:46.804 unimib-chat-mobile[10437:291010] u 1
2015-02-04 16:39:47.364 unimib-chat-mobile[10437:291010] l [object Object]
2015-02-04 16:39:56.811 unimib-chat-mobile[10437:291010] u 1
2015-02-04 16:39:59.363 unimib-chat-mobile[10437:291010] l [object Object]
2015-02-04 16:40:07.807 unimib-chat-mobile[10437:291010] u 1
2015-02-04 16:40:11.367 unimib-chat-mobile[10437:291010] l [object Object]
2015-02-04 16:40:16.815 unimib-chat-mobile[10437:291010] u 1
2015-02-04 16:40:23.364 unimib-chat-mobile[10437:291010] l [object Object]
2015-02-04 16:40:26.871 unimib-chat-mobile[10437:291010] u 1
2015-02-04 16:40:35.364 unimib-chat-mobile[10437:291010] l [object Object]
2015-02-04 16:40:37.003 unimib-chat-mobile[10437:291010] u 1
2015-02-04 16:40:46.823 unimib-chat-mobile[10437:291010] u 1
2015-02-04 16:40:47.367 unimib-chat-mobile[10437:291010] l [object Object]
2015-02-04 16:40:56.827 unimib-chat-mobile[10437:291010] u 1
2015-02-04 16:40:59.367 unimib-chat-mobile[10437:291010] l [object Object]
2015-02-04 16:41:07.135 unimib-chat-mobile[10437:291010] u 1
2015-02-04 16:41:11.366 unimib-chat-mobile[10437:291010] l [object Object]
2015-02-04 16:41:16.877 unimib-chat-mobile[10437:291010] u 1
2015-02-04 16:41:23.368 unimib-chat-mobile[10437:291010] l [object Object]
2015-02-04 16:41:27.150 unimib-chat-mobile[10437:291010] u 1
2015-02-04 16:41:35.368 unimib-chat-mobile[10437:291010] l [object Object]
2015-02-04 16:41:37.341 unimib-chat-mobile[10437:291010] u 1
2015-02-04 16:41:47.341 unimib-chat-mobile[10437:291010] u 1
2015-02-04 16:41:47.367 unimib-chat-mobile[10437:291010] l [object Object]
2015-02-04 16:41:58.833 unimib-chat-mobile[10437:291010] u 1
2015-02-04 16:41:59.368 unimib-chat-mobile[10437:291010] l [object Object]
2015-02-04 16:42:07.288 unimib-chat-mobile[10437:291010] u 1
2015-02-04 16:42:11.368 unimib-chat-mobile[10437:291010] l [object Object]
2015-02-04 16:42:16.845 unimib-chat-mobile[10437:291010] u 1
2015-02-04 16:42:23.370 unimib-chat-mobile[10437:291010] l [object Object]
2015-02-04 16:42:27.338 unimib-chat-mobile[10437:291010] u 1
2015-02-04 16:42:35.651 unimib-chat-mobile[10437:291010] l [object Object]
2015-02-04 16:42:37.843 unimib-chat-mobile[10437:291010] u 1
2015-02-04 16:42:46.852 unimib-chat-mobile[10437:291010] u 1
2015-02-04 16:42:47.373 unimib-chat-mobile[10437:291010] l [object Object]
2015-02-04 16:42:58.842 unimib-chat-mobile[10437:291010] u 1
2015-02-04 16:42:59.386 unimib-chat-mobile[10437:291010] l [object Object]
2015-02-04 16:43:07.472 unimib-chat-mobile[10437:291010] u 1
2015-02-04 16:43:11.374 unimib-chat-mobile[10437:291010] l [object Object]
2015-02-04 16:43:16.857 unimib-chat-mobile[10437:291010] u 1
2015-02-04 16:43:23.376 unimib-chat-mobile[10437:291010] l [object Object]
2015-02-04 16:43:28.857 unimib-chat-mobile[10437:291010] u 1
2015-02-04 16:43:35.437 unimib-chat-mobile[10437:291010] l [object Object]
2015-02-04 16:43:37.861 unimib-chat-mobile[10437:291010] u 1
2015-02-04 16:43:46.868 unimib-chat-mobile[10437:291010] u 1
2015-02-04 16:43:47.377 unimib-chat-mobile[10437:291010] l [object Object]
2015-02-04 16:43:56.866 unimib-chat-mobile[10437:291010] u 1
2015-02-04 16:43:59.379 unimib-chat-mobile[10437:291010] l [object Object]
2015-02-04 16:44:07.872 unimib-chat-mobile[10437:291010] u 1
2015-02-04 16:44:11.378 unimib-chat-mobile[10437:291010] l [object Object]
2015-02-04 16:44:16.876 unimib-chat-mobile[10437:291010] u 1
2015-02-04 16:44:23.382 unimib-chat-mobile[10437:291010] l [object Object]
2015-02-04 16:44:26.874 unimib-chat-mobile[10437:291010] u 1
2015-02-04 16:44:35.396 unimib-chat-mobile[10437:291010] l [object Object]
2015-02-04 16:44:37.702 unimib-chat-mobile[10437:291010] u 1
2015-02-04 16:44:46.621 unimib-chat-mobile[10437:291010] u 1
2015-02-04 16:44:47.111 unimib-chat-mobile[10437:291010] l [object Object]
2015-02-04 16:44:56.629 unimib-chat-mobile[10437:291010] u 1
2015-02-04 16:44:59.110 unimib-chat-mobile[10437:291010] l [object Object]
2015-02-04 16:45:08.092 unimib-chat-mobile[10437:291010] u 1
2015-02-04 16:45:11.117 unimib-chat-mobile[10437:291010] l [object Object]
2015-02-04 16:45:16.637 unimib-chat-mobile[10437:291010] u 1
2015-02-04 16:45:23.117 unimib-chat-mobile[10437:291010] l [object Object]
2015-02-04 16:45:28.561 unimib-chat-mobile[10437:291010] u 1
2015-02-04 16:45:35.116 unimib-chat-mobile[10437:291010] l [object Object]
2015-02-04 16:45:37.290 unimib-chat-mobile[10437:291010] u 1
2015-02-04 16:45:46.655 unimib-chat-mobile[10437:291010] u 1
2015-02-04 16:45:47.166 unimib-chat-mobile[10437:291010] l [object Object]
2015-02-04 16:45:57.805 unimib-chat-mobile[10437:291010] u 1
2015-02-04 16:45:59.120 unimib-chat-mobile[10437:291010] l [object Object]
2015-02-04 16:46:07.666 unimib-chat-mobile[10437:291010] u 1
2015-02-04 16:46:11.121 unimib-chat-mobile[10437:291010] l [object Object]
2015-02-04 16:46:16.671 unimib-chat-mobile[10437:291010] u 1
2015-02-04 16:46:23.121 unimib-chat-mobile[10437:291010] l [object Object]
2015-02-04 16:46:27.321 unimib-chat-mobile[10437:291010] u 1
2015-02-04 16:46:35.123 unimib-chat-mobile[10437:291010] l [object Object]
2015-02-04 16:46:37.685 unimib-chat-mobile[10437:291010] u 1
2015-02-04 16:46:46.686 unimib-chat-mobile[10437:291010] u 1
2015-02-04 16:46:47.127 unimib-chat-mobile[10437:291010] l [object Object]
2015-02-04 16:46:56.638 unimib-chat-mobile[10437:291010] u 1
2015-02-04 16:46:59.121 unimib-chat-mobile[10437:291010] l [object Object]
2015-02-04 16:47:07.698 unimib-chat-mobile[10437:291010] u 1
2015-02-04 16:47:11.125 unimib-chat-mobile[10437:291010] l [object Object]
2015-02-04 16:47:16.704 unimib-chat-mobile[10437:291010] u 1
2015-02-04 16:47:23.127 unimib-chat-mobile[10437:291010] l [object Object]
2015-02-04 16:47:26.650 unimib-chat-mobile[10437:291010] u 1
2015-02-04 16:47:35.128 unimib-chat-mobile[10437:291010] l [object Object]
2015-02-04 16:47:37.709 unimib-chat-mobile[10437:291010] u 1
2015-02-04 16:47:46.718 unimib-chat-mobile[10437:291010] u 1
2015-02-04 16:47:47.129 unimib-chat-mobile[10437:291010] l [object Object]
2015-02-04 16:47:58.725 unimib-chat-mobile[10437:291010] u 1
2015-02-04 16:47:59.135 unimib-chat-mobile[10437:291010] l [object Object]
2015-02-04 16:48:07.721 unimib-chat-mobile[10437:291010] u 1
2015-02-04 16:48:11.129 unimib-chat-mobile[10437:291010] l [object Object]
2015-02-04 16:48:16.724 unimib-chat-mobile[10437:291010] u 1
2015-02-04 16:48:23.240 unimib-chat-mobile[10437:291010] l [object Object]
2015-02-04 16:48:26.695 unimib-chat-mobile[10437:291010] u 1
2015-02-04 16:48:35.144 unimib-chat-mobile[10437:291010] l [object Object]
2015-02-04 16:48:36.665 unimib-chat-mobile[10437:291010] u 1
2015-02-04 16:48:46.839 unimib-chat-mobile[10437:291010] u 1
2015-02-04 16:48:47.134 unimib-chat-mobile[10437:291010] l [object Object]
2015-02-04 16:48:57.552 unimib-chat-mobile[10437:291010] u 1
2015-02-04 16:48:59.130 unimib-chat-mobile[10437:291010] l [object Object]
2015-02-04 16:49:06.718 unimib-chat-mobile[10437:291010] u 1
2015-02-04 16:49:11.131 unimib-chat-mobile[10437:291010] l [object Object]
2015-02-04 16:49:16.673 unimib-chat-mobile[10437:291010] u 1
2015-02-04 16:49:23.132 unimib-chat-mobile[10437:291010] l [object Object]
2015-02-04 16:49:27.081 unimib-chat-mobile[10437:291010] u 1
2015-02-04 16:49:35.134 unimib-chat-mobile[10437:291010] l [object Object]
2015-02-04 16:49:37.002 unimib-chat-mobile[10437:291010] u 1
2015-02-04 16:49:46.767 unimib-chat-mobile[10437:291010] u 1
2015-02-04 16:49:47.144 unimib-chat-mobile[10437:291010] l [object Object]
2015-02-04 16:49:56.872 unimib-chat-mobile[10437:291010] u 1
2015-02-04 16:49:59.134 unimib-chat-mobile[10437:291010] l [object Object]
2015-02-04 16:50:06.903 unimib-chat-mobile[10437:291010] u 1
2015-02-04 16:50:11.136 unimib-chat-mobile[10437:291010] l [object Object]
2015-02-04 16:50:16.687 unimib-chat-mobile[10437:291010] u 1
2015-02-04 16:50:23.136 unimib-chat-mobile[10437:291010] l [object Object]
2015-02-04 16:50:26.691 unimib-chat-mobile[10437:291010] u 1
2015-02-04 16:50:41.433 unimib-chat-mobile[10896:312877] Apache Cordova native platform version 3.7.0 is starting.
2015-02-04 16:50:41.434 unimib-chat-mobile[10896:312877] Multi-tasking -> Device: YES, App: YES
2015-02-04 16:50:41.435 unimib-chat-mobile[10896:312877] Unlimited access to network resources
2015-02-04 16:50:41.585 unimib-chat-mobile[10896:312877] [CDVTimer][keyboard] 0.051975ms
2015-02-04 16:50:41.585 unimib-chat-mobile[10896:312877] [CDVTimer][TotalPluginStartup] 0.214994ms
2015-02-04 16:50:41.964 unimib-chat-mobile[10896:312877] Resetting plugins due to page load.
2015-02-04 16:50:42.195 unimib-chat-mobile[10896:312877] Finished load of: file:///Users/7iacura/Library/Developer/CoreSimulator/Devices/147DC9E5-D7E0-4AE9-A893-D44988FEBD03/data/Containers/Bundle/Application/86C607BD-D35D-427F-974F-15098C90631D/unimib-chat-mobile.app/www/index.html#/app/storico
2015-02-04 16:50:54.365 unimib-chat-mobile[10896:312877] Setting the WebView's frame to {{0, 0}, {375, 623}}
2015-02-04 16:50:54.366 unimib-chat-mobile[10896:312877] Setting the WebView's frame to {{0, 0}, {375, 667}}
2015-02-04 16:50:54.373 unimib-chat-mobile[10896:312877] THREAD WARNING: ['InAppBrowser'] took '181.050781' ms. Plugin should use a background thread.
2015-02-04 16:50:54.393 unimib-chat-mobile[10896:312877] Error in Success callbackId: InAppBrowser795104375 : TypeError: null is not an object (evaluating 'event.type')
2015-02-04 16:51:32.354 unimib-chat-mobile[10896:312877] webView:didFailLoadWithError - -1004: Could not connect to the server.
2015-02-04 16:51:33.188 unimib-chat-mobile[10896:312877] * Identity:  [object Object]
2015-02-04 16:51:33.188 unimib-chat-mobile[10896:312877] l [object Object]
2015-02-04 16:51:37.048 unimib-chat-mobile[10896:312877] u 1
2015-02-04 16:51:39.531 unimib-chat-mobile[10896:312877] + ciao
2015-02-04 16:51:39.532 unimib-chat-mobile[10896:312877] t ciao
2015-02-04 16:51:44.944 unimib-chat-mobile[10896:312877] l [object Object]
2015-02-04 16:51:47.057 unimib-chat-mobile[10896:312877] u 1
2015-02-04 16:51:56.784 unimib-chat-mobile[10896:312877] u 1
2015-02-04 16:51:56.944 unimib-chat-mobile[10896:312877] l [object Object]
2015-02-04 16:52:06.718 unimib-chat-mobile[10896:312877] u 1
2015-02-04 16:52:08.972 unimib-chat-mobile[10896:312877] l [object Object]
2015-02-04 16:52:16.785 unimib-chat-mobile[10896:312877] u 1
2015-02-04 16:52:20.948 unimib-chat-mobile[10896:312877] l [object Object]
2015-02-04 16:52:26.713 unimib-chat-mobile[10896:312877] u 1
